{"C:\\Users\\Noemí Herrero Martín\\Desktop\\InTalent\\Proyectos\\Proyecto 2\\project2-Lucatic\\juego1\\juego1.js": {"path":"C:\\Users\\Noemí Herrero Martín\\Desktop\\InTalent\\Proyectos\\Proyecto 2\\project2-Lucatic\\juego1\\juego1.js","statementMap":{"0":{"start":{"line":2,"column":24},"end":{"line":2,"column":25}},"1":{"start":{"line":3,"column":24},"end":{"line":3,"column":25}},"2":{"start":{"line":4,"column":22},"end":{"line":4,"column":23}},"3":{"start":{"line":5,"column":20},"end":{"line":7,"column":1}},"4":{"start":{"line":8,"column":18},"end":{"line":10,"column":1}},"5":{"start":{"line":11,"column":19},"end":{"line":13,"column":1}},"6":{"start":{"line":14,"column":18},"end":{"line":16,"column":1}},"7":{"start":{"line":17,"column":19},"end":{"line":19,"column":1}},"8":{"start":{"line":20,"column":12},"end":{"line":20,"column":81}},"9":{"start":{"line":23,"column":18},"end":{"line":26,"column":1}},"10":{"start":{"line":24,"column":15},"end":{"line":24,"column":60}},"11":{"start":{"line":25,"column":2},"end":{"line":25,"column":16}},"12":{"start":{"line":28,"column":16},"end":{"line":37,"column":1}},"13":{"start":{"line":29,"column":2},"end":{"line":29,"column":71}},"14":{"start":{"line":30,"column":2},"end":{"line":30,"column":71}},"15":{"start":{"line":31,"column":2},"end":{"line":31,"column":71}},"16":{"start":{"line":32,"column":2},"end":{"line":32,"column":69}},"17":{"start":{"line":33,"column":2},"end":{"line":33,"column":70}},"18":{"start":{"line":34,"column":2},"end":{"line":34,"column":69}},"19":{"start":{"line":35,"column":2},"end":{"line":35,"column":70}},"20":{"start":{"line":36,"column":2},"end":{"line":36,"column":23}},"21":{"start":{"line":39,"column":16},"end":{"line":89,"column":1}},"22":{"start":{"line":40,"column":2},"end":{"line":40,"column":22}},"23":{"start":{"line":41,"column":2},"end":{"line":41,"column":24}},"24":{"start":{"line":42,"column":2},"end":{"line":42,"column":24}},"25":{"start":{"line":43,"column":2},"end":{"line":47,"column":3}},"26":{"start":{"line":44,"column":4},"end":{"line":44,"column":25}},"27":{"start":{"line":46,"column":4},"end":{"line":46,"column":73}},"28":{"start":{"line":48,"column":2},"end":{"line":52,"column":3}},"29":{"start":{"line":49,"column":4},"end":{"line":49,"column":25}},"30":{"start":{"line":51,"column":4},"end":{"line":51,"column":73}},"31":{"start":{"line":53,"column":2},"end":{"line":57,"column":3}},"32":{"start":{"line":54,"column":4},"end":{"line":54,"column":25}},"33":{"start":{"line":56,"column":4},"end":{"line":56,"column":73}},"34":{"start":{"line":58,"column":2},"end":{"line":62,"column":3}},"35":{"start":{"line":59,"column":4},"end":{"line":59,"column":25}},"36":{"start":{"line":61,"column":4},"end":{"line":61,"column":71}},"37":{"start":{"line":63,"column":2},"end":{"line":67,"column":3}},"38":{"start":{"line":64,"column":4},"end":{"line":64,"column":25}},"39":{"start":{"line":66,"column":4},"end":{"line":66,"column":72}},"40":{"start":{"line":68,"column":2},"end":{"line":72,"column":3}},"41":{"start":{"line":69,"column":4},"end":{"line":69,"column":25}},"42":{"start":{"line":71,"column":4},"end":{"line":71,"column":71}},"43":{"start":{"line":73,"column":2},"end":{"line":77,"column":3}},"44":{"start":{"line":74,"column":4},"end":{"line":74,"column":25}},"45":{"start":{"line":76,"column":4},"end":{"line":76,"column":72}},"46":{"start":{"line":78,"column":2},"end":{"line":82,"column":3}},"47":{"start":{"line":79,"column":4},"end":{"line":79,"column":25}},"48":{"start":{"line":81,"column":4},"end":{"line":81,"column":65}},"49":{"start":{"line":83,"column":2},"end":{"line":87,"column":3}},"50":{"start":{"line":84,"column":4},"end":{"line":84,"column":25}},"51":{"start":{"line":86,"column":4},"end":{"line":86,"column":64}},"52":{"start":{"line":91,"column":18},"end":{"line":183,"column":1}},"53":{"start":{"line":92,"column":11},"end":{"line":92,"column":22}},"54":{"start":{"line":93,"column":25},"end":{"line":93,"column":34}},"55":{"start":{"line":94,"column":22},"end":{"line":94,"column":37}},"56":{"start":{"line":95,"column":2},"end":{"line":95,"column":65}},"57":{"start":{"line":96,"column":2},"end":{"line":96,"column":62}},"58":{"start":{"line":97,"column":2},"end":{"line":182,"column":3}},"59":{"start":{"line":98,"column":4},"end":{"line":98,"column":71}},"60":{"start":{"line":99,"column":4},"end":{"line":99,"column":24}},"61":{"start":{"line":100,"column":4},"end":{"line":100,"column":112}},"62":{"start":{"line":101,"column":9},"end":{"line":182,"column":3}},"63":{"start":{"line":102,"column":4},"end":{"line":102,"column":71}},"64":{"start":{"line":103,"column":4},"end":{"line":103,"column":24}},"65":{"start":{"line":104,"column":4},"end":{"line":104,"column":112}},"66":{"start":{"line":105,"column":9},"end":{"line":182,"column":3}},"67":{"start":{"line":106,"column":4},"end":{"line":106,"column":71}},"68":{"start":{"line":107,"column":4},"end":{"line":107,"column":24}},"69":{"start":{"line":108,"column":4},"end":{"line":108,"column":112}},"70":{"start":{"line":109,"column":9},"end":{"line":182,"column":3}},"71":{"start":{"line":110,"column":4},"end":{"line":110,"column":71}},"72":{"start":{"line":111,"column":4},"end":{"line":111,"column":24}},"73":{"start":{"line":112,"column":4},"end":{"line":112,"column":112}},"74":{"start":{"line":113,"column":9},"end":{"line":182,"column":3}},"75":{"start":{"line":114,"column":4},"end":{"line":114,"column":71}},"76":{"start":{"line":115,"column":4},"end":{"line":115,"column":24}},"77":{"start":{"line":116,"column":4},"end":{"line":116,"column":112}},"78":{"start":{"line":117,"column":9},"end":{"line":182,"column":3}},"79":{"start":{"line":118,"column":4},"end":{"line":118,"column":71}},"80":{"start":{"line":119,"column":4},"end":{"line":119,"column":24}},"81":{"start":{"line":120,"column":4},"end":{"line":120,"column":112}},"82":{"start":{"line":121,"column":9},"end":{"line":182,"column":3}},"83":{"start":{"line":122,"column":4},"end":{"line":122,"column":71}},"84":{"start":{"line":123,"column":4},"end":{"line":123,"column":24}},"85":{"start":{"line":124,"column":4},"end":{"line":124,"column":112}},"86":{"start":{"line":125,"column":9},"end":{"line":182,"column":3}},"87":{"start":{"line":126,"column":4},"end":{"line":126,"column":71}},"88":{"start":{"line":127,"column":4},"end":{"line":127,"column":24}},"89":{"start":{"line":128,"column":4},"end":{"line":128,"column":112}},"90":{"start":{"line":129,"column":9},"end":{"line":182,"column":3}},"91":{"start":{"line":130,"column":4},"end":{"line":130,"column":71}},"92":{"start":{"line":131,"column":4},"end":{"line":131,"column":24}},"93":{"start":{"line":132,"column":4},"end":{"line":132,"column":112}},"94":{"start":{"line":133,"column":9},"end":{"line":182,"column":3}},"95":{"start":{"line":134,"column":4},"end":{"line":134,"column":71}},"96":{"start":{"line":135,"column":4},"end":{"line":135,"column":24}},"97":{"start":{"line":136,"column":4},"end":{"line":136,"column":112}},"98":{"start":{"line":137,"column":9},"end":{"line":182,"column":3}},"99":{"start":{"line":138,"column":4},"end":{"line":138,"column":71}},"100":{"start":{"line":139,"column":4},"end":{"line":139,"column":24}},"101":{"start":{"line":140,"column":4},"end":{"line":140,"column":112}},"102":{"start":{"line":141,"column":9},"end":{"line":182,"column":3}},"103":{"start":{"line":142,"column":4},"end":{"line":142,"column":71}},"104":{"start":{"line":143,"column":4},"end":{"line":143,"column":24}},"105":{"start":{"line":144,"column":4},"end":{"line":144,"column":112}},"106":{"start":{"line":145,"column":9},"end":{"line":182,"column":3}},"107":{"start":{"line":146,"column":4},"end":{"line":146,"column":71}},"108":{"start":{"line":147,"column":4},"end":{"line":147,"column":24}},"109":{"start":{"line":148,"column":4},"end":{"line":148,"column":112}},"110":{"start":{"line":149,"column":9},"end":{"line":182,"column":3}},"111":{"start":{"line":150,"column":4},"end":{"line":150,"column":71}},"112":{"start":{"line":151,"column":4},"end":{"line":151,"column":24}},"113":{"start":{"line":152,"column":4},"end":{"line":152,"column":112}},"114":{"start":{"line":153,"column":9},"end":{"line":182,"column":3}},"115":{"start":{"line":154,"column":4},"end":{"line":154,"column":71}},"116":{"start":{"line":155,"column":4},"end":{"line":155,"column":24}},"117":{"start":{"line":156,"column":4},"end":{"line":156,"column":112}},"118":{"start":{"line":157,"column":9},"end":{"line":182,"column":3}},"119":{"start":{"line":158,"column":4},"end":{"line":158,"column":71}},"120":{"start":{"line":159,"column":4},"end":{"line":159,"column":24}},"121":{"start":{"line":160,"column":4},"end":{"line":160,"column":112}},"122":{"start":{"line":161,"column":9},"end":{"line":182,"column":3}},"123":{"start":{"line":162,"column":4},"end":{"line":162,"column":71}},"124":{"start":{"line":163,"column":4},"end":{"line":163,"column":24}},"125":{"start":{"line":164,"column":4},"end":{"line":164,"column":112}},"126":{"start":{"line":165,"column":9},"end":{"line":182,"column":3}},"127":{"start":{"line":166,"column":4},"end":{"line":166,"column":71}},"128":{"start":{"line":167,"column":4},"end":{"line":167,"column":24}},"129":{"start":{"line":168,"column":4},"end":{"line":168,"column":112}},"130":{"start":{"line":169,"column":9},"end":{"line":182,"column":3}},"131":{"start":{"line":170,"column":4},"end":{"line":170,"column":71}},"132":{"start":{"line":171,"column":4},"end":{"line":171,"column":24}},"133":{"start":{"line":172,"column":4},"end":{"line":172,"column":112}},"134":{"start":{"line":173,"column":9},"end":{"line":182,"column":3}},"135":{"start":{"line":174,"column":4},"end":{"line":174,"column":71}},"136":{"start":{"line":175,"column":4},"end":{"line":175,"column":24}},"137":{"start":{"line":176,"column":4},"end":{"line":176,"column":112}},"138":{"start":{"line":177,"column":9},"end":{"line":182,"column":3}},"139":{"start":{"line":178,"column":4},"end":{"line":178,"column":62}},"140":{"start":{"line":179,"column":4},"end":{"line":179,"column":112}},"141":{"start":{"line":181,"column":4},"end":{"line":181,"column":65}},"142":{"start":{"line":186,"column":0},"end":{"line":190,"column":1}},"143":{"start":{"line":187,"column":2},"end":{"line":187,"column":36}},"144":{"start":{"line":189,"column":2},"end":{"line":189,"column":72}},"145":{"start":{"line":192,"column":0},"end":{"line":196,"column":1}},"146":{"start":{"line":193,"column":2},"end":{"line":193,"column":36}},"147":{"start":{"line":195,"column":2},"end":{"line":195,"column":76}},"148":{"start":{"line":198,"column":0},"end":{"line":202,"column":1}},"149":{"start":{"line":199,"column":2},"end":{"line":199,"column":36}},"150":{"start":{"line":201,"column":2},"end":{"line":201,"column":70}},"151":{"start":{"line":204,"column":0},"end":{"line":216,"column":1}},"152":{"start":{"line":205,"column":2},"end":{"line":205,"column":36}},"153":{"start":{"line":207,"column":2},"end":{"line":215,"column":4}},"154":{"start":{"line":209,"column":4},"end":{"line":209,"column":85}},"155":{"start":{"line":210,"column":4},"end":{"line":210,"column":71}},"156":{"start":{"line":211,"column":4},"end":{"line":211,"column":72}},"157":{"start":{"line":212,"column":4},"end":{"line":212,"column":71}},"158":{"start":{"line":213,"column":4},"end":{"line":213,"column":72}},"159":{"start":{"line":214,"column":4},"end":{"line":214,"column":36}},"160":{"start":{"line":218,"column":0},"end":{"line":230,"column":1}},"161":{"start":{"line":219,"column":2},"end":{"line":219,"column":36}},"162":{"start":{"line":221,"column":2},"end":{"line":229,"column":4}},"163":{"start":{"line":223,"column":4},"end":{"line":223,"column":73}},"164":{"start":{"line":224,"column":4},"end":{"line":224,"column":83}},"165":{"start":{"line":225,"column":4},"end":{"line":225,"column":72}},"166":{"start":{"line":226,"column":4},"end":{"line":226,"column":71}},"167":{"start":{"line":227,"column":4},"end":{"line":227,"column":72}},"168":{"start":{"line":228,"column":4},"end":{"line":228,"column":34}},"169":{"start":{"line":232,"column":0},"end":{"line":244,"column":1}},"170":{"start":{"line":233,"column":2},"end":{"line":233,"column":36}},"171":{"start":{"line":235,"column":2},"end":{"line":243,"column":4}},"172":{"start":{"line":237,"column":4},"end":{"line":237,"column":73}},"173":{"start":{"line":238,"column":4},"end":{"line":238,"column":71}},"174":{"start":{"line":239,"column":4},"end":{"line":239,"column":84}},"175":{"start":{"line":240,"column":4},"end":{"line":240,"column":71}},"176":{"start":{"line":241,"column":4},"end":{"line":241,"column":72}},"177":{"start":{"line":242,"column":4},"end":{"line":242,"column":35}},"178":{"start":{"line":247,"column":0},"end":{"line":259,"column":1}},"179":{"start":{"line":248,"column":2},"end":{"line":248,"column":36}},"180":{"start":{"line":250,"column":2},"end":{"line":258,"column":4}},"181":{"start":{"line":252,"column":4},"end":{"line":252,"column":73}},"182":{"start":{"line":253,"column":4},"end":{"line":253,"column":71}},"183":{"start":{"line":254,"column":4},"end":{"line":254,"column":72}},"184":{"start":{"line":255,"column":4},"end":{"line":255,"column":83}},"185":{"start":{"line":256,"column":4},"end":{"line":256,"column":72}},"186":{"start":{"line":257,"column":4},"end":{"line":257,"column":34}},"187":{"start":{"line":261,"column":0},"end":{"line":273,"column":1}},"188":{"start":{"line":262,"column":2},"end":{"line":262,"column":36}},"189":{"start":{"line":264,"column":2},"end":{"line":272,"column":4}},"190":{"start":{"line":266,"column":4},"end":{"line":266,"column":73}},"191":{"start":{"line":267,"column":4},"end":{"line":267,"column":71}},"192":{"start":{"line":268,"column":4},"end":{"line":268,"column":72}},"193":{"start":{"line":269,"column":4},"end":{"line":269,"column":71}},"194":{"start":{"line":270,"column":4},"end":{"line":270,"column":84}},"195":{"start":{"line":271,"column":4},"end":{"line":271,"column":35}},"196":{"start":{"line":276,"column":2},"end":{"line":276,"column":15}},"197":{"start":{"line":279,"column":0},"end":{"line":279,"column":131}}},"fnMap":{"0":{"name":"(anonymous_0)","decl":{"start":{"line":23,"column":18},"end":{"line":23,"column":19}},"loc":{"start":{"line":23,"column":24},"end":{"line":26,"column":1}},"line":23},"1":{"name":"(anonymous_1)","decl":{"start":{"line":28,"column":16},"end":{"line":28,"column":17}},"loc":{"start":{"line":28,"column":22},"end":{"line":37,"column":1}},"line":28},"2":{"name":"(anonymous_2)","decl":{"start":{"line":39,"column":16},"end":{"line":39,"column":17}},"loc":{"start":{"line":39,"column":22},"end":{"line":89,"column":1}},"line":39},"3":{"name":"(anonymous_3)","decl":{"start":{"line":91,"column":18},"end":{"line":91,"column":19}},"loc":{"start":{"line":91,"column":24},"end":{"line":183,"column":1}},"line":91},"4":{"name":"(anonymous_4)","decl":{"start":{"line":207,"column":63},"end":{"line":207,"column":64}},"loc":{"start":{"line":207,"column":69},"end":{"line":215,"column":3}},"line":207},"5":{"name":"(anonymous_5)","decl":{"start":{"line":221,"column":61},"end":{"line":221,"column":62}},"loc":{"start":{"line":221,"column":67},"end":{"line":229,"column":3}},"line":221},"6":{"name":"(anonymous_6)","decl":{"start":{"line":235,"column":62},"end":{"line":235,"column":63}},"loc":{"start":{"line":235,"column":68},"end":{"line":243,"column":3}},"line":235},"7":{"name":"(anonymous_7)","decl":{"start":{"line":250,"column":61},"end":{"line":250,"column":62}},"loc":{"start":{"line":250,"column":67},"end":{"line":258,"column":3}},"line":250},"8":{"name":"(anonymous_8)","decl":{"start":{"line":264,"column":62},"end":{"line":264,"column":63}},"loc":{"start":{"line":264,"column":68},"end":{"line":272,"column":3}},"line":264},"9":{"name":"sum","decl":{"start":{"line":275,"column":9},"end":{"line":275,"column":12}},"loc":{"start":{"line":275,"column":19},"end":{"line":277,"column":1}},"line":275}},"branchMap":{"0":{"loc":{"start":{"line":43,"column":2},"end":{"line":47,"column":3}},"type":"if","locations":[{"start":{"line":43,"column":2},"end":{"line":47,"column":3}},{"start":{"line":45,"column":7},"end":{"line":47,"column":3}}],"line":43},"1":{"loc":{"start":{"line":48,"column":2},"end":{"line":52,"column":3}},"type":"if","locations":[{"start":{"line":48,"column":2},"end":{"line":52,"column":3}},{"start":{"line":50,"column":7},"end":{"line":52,"column":3}}],"line":48},"2":{"loc":{"start":{"line":53,"column":2},"end":{"line":57,"column":3}},"type":"if","locations":[{"start":{"line":53,"column":2},"end":{"line":57,"column":3}},{"start":{"line":55,"column":7},"end":{"line":57,"column":3}}],"line":53},"3":{"loc":{"start":{"line":58,"column":2},"end":{"line":62,"column":3}},"type":"if","locations":[{"start":{"line":58,"column":2},"end":{"line":62,"column":3}},{"start":{"line":60,"column":7},"end":{"line":62,"column":3}}],"line":58},"4":{"loc":{"start":{"line":63,"column":2},"end":{"line":67,"column":3}},"type":"if","locations":[{"start":{"line":63,"column":2},"end":{"line":67,"column":3}},{"start":{"line":65,"column":7},"end":{"line":67,"column":3}}],"line":63},"5":{"loc":{"start":{"line":68,"column":2},"end":{"line":72,"column":3}},"type":"if","locations":[{"start":{"line":68,"column":2},"end":{"line":72,"column":3}},{"start":{"line":70,"column":7},"end":{"line":72,"column":3}}],"line":68},"6":{"loc":{"start":{"line":73,"column":2},"end":{"line":77,"column":3}},"type":"if","locations":[{"start":{"line":73,"column":2},"end":{"line":77,"column":3}},{"start":{"line":75,"column":7},"end":{"line":77,"column":3}}],"line":73},"7":{"loc":{"start":{"line":78,"column":2},"end":{"line":82,"column":3}},"type":"if","locations":[{"start":{"line":78,"column":2},"end":{"line":82,"column":3}},{"start":{"line":80,"column":7},"end":{"line":82,"column":3}}],"line":78},"8":{"loc":{"start":{"line":83,"column":2},"end":{"line":87,"column":3}},"type":"if","locations":[{"start":{"line":83,"column":2},"end":{"line":87,"column":3}},{"start":{"line":85,"column":7},"end":{"line":87,"column":3}}],"line":83},"9":{"loc":{"start":{"line":97,"column":2},"end":{"line":182,"column":3}},"type":"if","locations":[{"start":{"line":97,"column":2},"end":{"line":182,"column":3}},{"start":{"line":101,"column":9},"end":{"line":182,"column":3}}],"line":97},"10":{"loc":{"start":{"line":97,"column":6},"end":{"line":97,"column":74}},"type":"binary-expr","locations":[{"start":{"line":97,"column":7},"end":{"line":97,"column":36}},{"start":{"line":97,"column":42},"end":{"line":97,"column":73}}],"line":97},"11":{"loc":{"start":{"line":101,"column":9},"end":{"line":182,"column":3}},"type":"if","locations":[{"start":{"line":101,"column":9},"end":{"line":182,"column":3}},{"start":{"line":105,"column":9},"end":{"line":182,"column":3}}],"line":101},"12":{"loc":{"start":{"line":101,"column":13},"end":{"line":101,"column":81}},"type":"binary-expr","locations":[{"start":{"line":101,"column":14},"end":{"line":101,"column":42}},{"start":{"line":101,"column":48},"end":{"line":101,"column":80}}],"line":101},"13":{"loc":{"start":{"line":105,"column":9},"end":{"line":182,"column":3}},"type":"if","locations":[{"start":{"line":105,"column":9},"end":{"line":182,"column":3}},{"start":{"line":109,"column":9},"end":{"line":182,"column":3}}],"line":105},"14":{"loc":{"start":{"line":105,"column":13},"end":{"line":105,"column":83}},"type":"binary-expr","locations":[{"start":{"line":105,"column":14},"end":{"line":105,"column":43}},{"start":{"line":105,"column":49},"end":{"line":105,"column":82}}],"line":105},"15":{"loc":{"start":{"line":109,"column":9},"end":{"line":182,"column":3}},"type":"if","locations":[{"start":{"line":109,"column":9},"end":{"line":182,"column":3}},{"start":{"line":113,"column":9},"end":{"line":182,"column":3}}],"line":109},"16":{"loc":{"start":{"line":109,"column":13},"end":{"line":109,"column":83}},"type":"binary-expr","locations":[{"start":{"line":109,"column":14},"end":{"line":109,"column":43}},{"start":{"line":109,"column":49},"end":{"line":109,"column":82}}],"line":109},"17":{"loc":{"start":{"line":113,"column":9},"end":{"line":182,"column":3}},"type":"if","locations":[{"start":{"line":113,"column":9},"end":{"line":182,"column":3}},{"start":{"line":117,"column":9},"end":{"line":182,"column":3}}],"line":113},"18":{"loc":{"start":{"line":113,"column":13},"end":{"line":113,"column":82}},"type":"binary-expr","locations":[{"start":{"line":113,"column":14},"end":{"line":113,"column":44}},{"start":{"line":113,"column":50},"end":{"line":113,"column":81}}],"line":113},"19":{"loc":{"start":{"line":117,"column":9},"end":{"line":182,"column":3}},"type":"if","locations":[{"start":{"line":117,"column":9},"end":{"line":182,"column":3}},{"start":{"line":121,"column":9},"end":{"line":182,"column":3}}],"line":117},"20":{"loc":{"start":{"line":117,"column":13},"end":{"line":117,"column":81}},"type":"binary-expr","locations":[{"start":{"line":117,"column":14},"end":{"line":117,"column":42}},{"start":{"line":117,"column":48},"end":{"line":117,"column":80}}],"line":117},"21":{"loc":{"start":{"line":121,"column":9},"end":{"line":182,"column":3}},"type":"if","locations":[{"start":{"line":121,"column":9},"end":{"line":182,"column":3}},{"start":{"line":125,"column":9},"end":{"line":182,"column":3}}],"line":121},"22":{"loc":{"start":{"line":121,"column":13},"end":{"line":121,"column":82}},"type":"binary-expr","locations":[{"start":{"line":121,"column":14},"end":{"line":121,"column":44}},{"start":{"line":121,"column":50},"end":{"line":121,"column":81}}],"line":121},"23":{"loc":{"start":{"line":125,"column":9},"end":{"line":182,"column":3}},"type":"if","locations":[{"start":{"line":125,"column":9},"end":{"line":182,"column":3}},{"start":{"line":129,"column":9},"end":{"line":182,"column":3}}],"line":125},"24":{"loc":{"start":{"line":125,"column":13},"end":{"line":125,"column":80}},"type":"binary-expr","locations":[{"start":{"line":125,"column":14},"end":{"line":125,"column":42}},{"start":{"line":125,"column":48},"end":{"line":125,"column":79}}],"line":125},"25":{"loc":{"start":{"line":129,"column":9},"end":{"line":182,"column":3}},"type":"if","locations":[{"start":{"line":129,"column":9},"end":{"line":182,"column":3}},{"start":{"line":133,"column":9},"end":{"line":182,"column":3}}],"line":129},"26":{"loc":{"start":{"line":129,"column":13},"end":{"line":129,"column":81}},"type":"binary-expr","locations":[{"start":{"line":129,"column":14},"end":{"line":129,"column":42}},{"start":{"line":129,"column":48},"end":{"line":129,"column":80}}],"line":129},"27":{"loc":{"start":{"line":133,"column":9},"end":{"line":182,"column":3}},"type":"if","locations":[{"start":{"line":133,"column":9},"end":{"line":182,"column":3}},{"start":{"line":137,"column":9},"end":{"line":182,"column":3}}],"line":133},"28":{"loc":{"start":{"line":133,"column":13},"end":{"line":133,"column":82}},"type":"binary-expr","locations":[{"start":{"line":133,"column":14},"end":{"line":133,"column":43}},{"start":{"line":133,"column":49},"end":{"line":133,"column":81}}],"line":133},"29":{"loc":{"start":{"line":137,"column":9},"end":{"line":182,"column":3}},"type":"if","locations":[{"start":{"line":137,"column":9},"end":{"line":182,"column":3}},{"start":{"line":141,"column":9},"end":{"line":182,"column":3}}],"line":137},"30":{"loc":{"start":{"line":137,"column":13},"end":{"line":137,"column":81}},"type":"binary-expr","locations":[{"start":{"line":137,"column":14},"end":{"line":137,"column":42}},{"start":{"line":137,"column":48},"end":{"line":137,"column":80}}],"line":137},"31":{"loc":{"start":{"line":141,"column":9},"end":{"line":182,"column":3}},"type":"if","locations":[{"start":{"line":141,"column":9},"end":{"line":182,"column":3}},{"start":{"line":145,"column":9},"end":{"line":182,"column":3}}],"line":141},"32":{"loc":{"start":{"line":141,"column":13},"end":{"line":141,"column":81}},"type":"binary-expr","locations":[{"start":{"line":141,"column":14},"end":{"line":141,"column":43}},{"start":{"line":141,"column":49},"end":{"line":141,"column":80}}],"line":141},"33":{"loc":{"start":{"line":145,"column":9},"end":{"line":182,"column":3}},"type":"if","locations":[{"start":{"line":145,"column":9},"end":{"line":182,"column":3}},{"start":{"line":149,"column":9},"end":{"line":182,"column":3}}],"line":145},"34":{"loc":{"start":{"line":145,"column":13},"end":{"line":145,"column":83}},"type":"binary-expr","locations":[{"start":{"line":145,"column":14},"end":{"line":145,"column":44}},{"start":{"line":145,"column":50},"end":{"line":145,"column":82}}],"line":145},"35":{"loc":{"start":{"line":149,"column":9},"end":{"line":182,"column":3}},"type":"if","locations":[{"start":{"line":149,"column":9},"end":{"line":182,"column":3}},{"start":{"line":153,"column":9},"end":{"line":182,"column":3}}],"line":149},"36":{"loc":{"start":{"line":149,"column":13},"end":{"line":149,"column":83}},"type":"binary-expr","locations":[{"start":{"line":149,"column":14},"end":{"line":149,"column":44}},{"start":{"line":149,"column":50},"end":{"line":149,"column":82}}],"line":149},"37":{"loc":{"start":{"line":153,"column":9},"end":{"line":182,"column":3}},"type":"if","locations":[{"start":{"line":153,"column":9},"end":{"line":182,"column":3}},{"start":{"line":157,"column":9},"end":{"line":182,"column":3}}],"line":153},"38":{"loc":{"start":{"line":153,"column":13},"end":{"line":153,"column":82}},"type":"binary-expr","locations":[{"start":{"line":153,"column":14},"end":{"line":153,"column":42}},{"start":{"line":153,"column":48},"end":{"line":153,"column":81}}],"line":153},"39":{"loc":{"start":{"line":157,"column":9},"end":{"line":182,"column":3}},"type":"if","locations":[{"start":{"line":157,"column":9},"end":{"line":182,"column":3}},{"start":{"line":161,"column":9},"end":{"line":182,"column":3}}],"line":157},"40":{"loc":{"start":{"line":157,"column":13},"end":{"line":157,"column":81}},"type":"binary-expr","locations":[{"start":{"line":157,"column":14},"end":{"line":157,"column":43}},{"start":{"line":157,"column":49},"end":{"line":157,"column":80}}],"line":157},"41":{"loc":{"start":{"line":161,"column":9},"end":{"line":182,"column":3}},"type":"if","locations":[{"start":{"line":161,"column":9},"end":{"line":182,"column":3}},{"start":{"line":165,"column":9},"end":{"line":182,"column":3}}],"line":161},"42":{"loc":{"start":{"line":161,"column":13},"end":{"line":161,"column":82}},"type":"binary-expr","locations":[{"start":{"line":161,"column":14},"end":{"line":161,"column":42}},{"start":{"line":161,"column":48},"end":{"line":161,"column":81}}],"line":161},"43":{"loc":{"start":{"line":165,"column":9},"end":{"line":182,"column":3}},"type":"if","locations":[{"start":{"line":165,"column":9},"end":{"line":182,"column":3}},{"start":{"line":169,"column":9},"end":{"line":182,"column":3}}],"line":165},"44":{"loc":{"start":{"line":165,"column":13},"end":{"line":165,"column":80}},"type":"binary-expr","locations":[{"start":{"line":165,"column":14},"end":{"line":165,"column":42}},{"start":{"line":165,"column":48},"end":{"line":165,"column":79}}],"line":165},"45":{"loc":{"start":{"line":169,"column":9},"end":{"line":182,"column":3}},"type":"if","locations":[{"start":{"line":169,"column":9},"end":{"line":182,"column":3}},{"start":{"line":173,"column":9},"end":{"line":182,"column":3}}],"line":169},"46":{"loc":{"start":{"line":169,"column":13},"end":{"line":169,"column":81}},"type":"binary-expr","locations":[{"start":{"line":169,"column":14},"end":{"line":169,"column":43}},{"start":{"line":169,"column":49},"end":{"line":169,"column":80}}],"line":169},"47":{"loc":{"start":{"line":173,"column":9},"end":{"line":182,"column":3}},"type":"if","locations":[{"start":{"line":173,"column":9},"end":{"line":182,"column":3}},{"start":{"line":177,"column":9},"end":{"line":182,"column":3}}],"line":173},"48":{"loc":{"start":{"line":173,"column":13},"end":{"line":173,"column":82}},"type":"binary-expr","locations":[{"start":{"line":173,"column":14},"end":{"line":173,"column":43}},{"start":{"line":173,"column":49},"end":{"line":173,"column":81}}],"line":173},"49":{"loc":{"start":{"line":177,"column":9},"end":{"line":182,"column":3}},"type":"if","locations":[{"start":{"line":177,"column":9},"end":{"line":182,"column":3}},{"start":{"line":180,"column":9},"end":{"line":182,"column":3}}],"line":177},"50":{"loc":{"start":{"line":186,"column":0},"end":{"line":190,"column":1}},"type":"if","locations":[{"start":{"line":186,"column":0},"end":{"line":190,"column":1}},{"start":{"line":188,"column":7},"end":{"line":190,"column":1}}],"line":186},"51":{"loc":{"start":{"line":192,"column":0},"end":{"line":196,"column":1}},"type":"if","locations":[{"start":{"line":192,"column":0},"end":{"line":196,"column":1}},{"start":{"line":194,"column":7},"end":{"line":196,"column":1}}],"line":192},"52":{"loc":{"start":{"line":198,"column":0},"end":{"line":202,"column":1}},"type":"if","locations":[{"start":{"line":198,"column":0},"end":{"line":202,"column":1}},{"start":{"line":200,"column":7},"end":{"line":202,"column":1}}],"line":198},"53":{"loc":{"start":{"line":204,"column":0},"end":{"line":216,"column":1}},"type":"if","locations":[{"start":{"line":204,"column":0},"end":{"line":216,"column":1}},{"start":{"line":206,"column":7},"end":{"line":216,"column":1}}],"line":204},"54":{"loc":{"start":{"line":218,"column":0},"end":{"line":230,"column":1}},"type":"if","locations":[{"start":{"line":218,"column":0},"end":{"line":230,"column":1}},{"start":{"line":220,"column":7},"end":{"line":230,"column":1}}],"line":218},"55":{"loc":{"start":{"line":232,"column":0},"end":{"line":244,"column":1}},"type":"if","locations":[{"start":{"line":232,"column":0},"end":{"line":244,"column":1}},{"start":{"line":234,"column":7},"end":{"line":244,"column":1}}],"line":232},"56":{"loc":{"start":{"line":247,"column":0},"end":{"line":259,"column":1}},"type":"if","locations":[{"start":{"line":247,"column":0},"end":{"line":259,"column":1}},{"start":{"line":249,"column":7},"end":{"line":259,"column":1}}],"line":247},"57":{"loc":{"start":{"line":261,"column":0},"end":{"line":273,"column":1}},"type":"if","locations":[{"start":{"line":261,"column":0},"end":{"line":273,"column":1}},{"start":{"line":263,"column":7},"end":{"line":273,"column":1}}],"line":261}},"s":{"0":1,"1":1,"2":1,"3":1,"4":1,"5":1,"6":1,"7":1,"8":1,"9":1,"10":5,"11":5,"12":1,"13":0,"14":0,"15":0,"16":0,"17":0,"18":0,"19":0,"20":0,"21":1,"22":1,"23":1,"24":1,"25":1,"26":1,"27":0,"28":1,"29":1,"30":0,"31":1,"32":1,"33":0,"34":1,"35":1,"36":0,"37":1,"38":1,"39":0,"40":1,"41":1,"42":0,"43":1,"44":1,"45":0,"46":1,"47":1,"48":0,"49":1,"50":1,"51":0,"52":1,"53":0,"54":0,"55":0,"56":0,"57":0,"58":0,"59":0,"60":0,"61":0,"62":0,"63":0,"64":0,"65":0,"66":0,"67":0,"68":0,"69":0,"70":0,"71":0,"72":0,"73":0,"74":0,"75":0,"76":0,"77":0,"78":0,"79":0,"80":0,"81":0,"82":0,"83":0,"84":0,"85":0,"86":0,"87":0,"88":0,"89":0,"90":0,"91":0,"92":0,"93":0,"94":0,"95":0,"96":0,"97":0,"98":0,"99":0,"100":0,"101":0,"102":0,"103":0,"104":0,"105":0,"106":0,"107":0,"108":0,"109":0,"110":0,"111":0,"112":0,"113":0,"114":0,"115":0,"116":0,"117":0,"118":0,"119":0,"120":0,"121":0,"122":0,"123":0,"124":0,"125":0,"126":0,"127":0,"128":0,"129":0,"130":0,"131":0,"132":0,"133":0,"134":0,"135":0,"136":0,"137":0,"138":0,"139":0,"140":0,"141":0,"142":1,"143":1,"144":0,"145":1,"146":1,"147":0,"148":1,"149":1,"150":0,"151":1,"152":1,"153":0,"154":0,"155":0,"156":0,"157":0,"158":0,"159":0,"160":1,"161":1,"162":0,"163":0,"164":0,"165":0,"166":0,"167":0,"168":0,"169":1,"170":1,"171":0,"172":0,"173":0,"174":0,"175":0,"176":0,"177":0,"178":1,"179":1,"180":0,"181":0,"182":0,"183":0,"184":0,"185":0,"186":0,"187":1,"188":1,"189":0,"190":0,"191":0,"192":0,"193":0,"194":0,"195":0,"196":1,"197":1},"f":{"0":5,"1":0,"2":1,"3":0,"4":0,"5":0,"6":0,"7":0,"8":0,"9":1},"b":{"0":[1,0],"1":[1,0],"2":[1,0],"3":[1,0],"4":[1,0],"5":[1,0],"6":[1,0],"7":[1,0],"8":[1,0],"9":[0,0],"10":[0,0],"11":[0,0],"12":[0,0],"13":[0,0],"14":[0,0],"15":[0,0],"16":[0,0],"17":[0,0],"18":[0,0],"19":[0,0],"20":[0,0],"21":[0,0],"22":[0,0],"23":[0,0],"24":[0,0],"25":[0,0],"26":[0,0],"27":[0,0],"28":[0,0],"29":[0,0],"30":[0,0],"31":[0,0],"32":[0,0],"33":[0,0],"34":[0,0],"35":[0,0],"36":[0,0],"37":[0,0],"38":[0,0],"39":[0,0],"40":[0,0],"41":[0,0],"42":[0,0],"43":[0,0],"44":[0,0],"45":[0,0],"46":[0,0],"47":[0,0],"48":[0,0],"49":[0,0],"50":[1,0],"51":[1,0],"52":[1,0],"53":[1,0],"54":[1,0],"55":[1,0],"56":[1,0],"57":[1,0]},"_coverageSchema":"1a1c01bbd47fc00a2c39e90264f33305004495a9","hash":"375763e9b783ab08b0a4b8c7c49b06f94ab4105e"}
}
