{"C:\\Users\\alumno\\Documents\\GitHub\\project2-Lucatic\\Juego2\\Script.js": {"path":"C:\\Users\\alumno\\Documents\\GitHub\\project2-Lucatic\\Juego2\\Script.js","statementMap":{"0":{"start":{"line":3,"column":4},"end":{"line":3,"column":25}},"1":{"start":{"line":4,"column":4},"end":{"line":4,"column":21}},"2":{"start":{"line":5,"column":4},"end":{"line":5,"column":25}},"3":{"start":{"line":6,"column":4},"end":{"line":6,"column":23}},"4":{"start":{"line":7,"column":4},"end":{"line":7,"column":35}},"5":{"start":{"line":12,"column":11},"end":{"line":12,"column":13}},"6":{"start":{"line":13,"column":12},"end":{"line":13,"column":59}},"7":{"start":{"line":14,"column":17},"end":{"line":14,"column":37}},"8":{"start":{"line":15,"column":16},"end":{"line":15,"column":18}},"9":{"start":{"line":16,"column":21},"end":{"line":16,"column":22}},"10":{"start":{"line":17,"column":21},"end":{"line":17,"column":22}},"11":{"start":{"line":18,"column":10},"end":{"line":18,"column":14}},"12":{"start":{"line":19,"column":11},"end":{"line":19,"column":13}},"13":{"start":{"line":20,"column":15},"end":{"line":20,"column":16}},"14":{"start":{"line":21,"column":12},"end":{"line":21,"column":21}},"15":{"start":{"line":27,"column":0},"end":{"line":96,"column":1}},"16":{"start":{"line":27,"column":13},"end":{"line":27,"column":14}},"17":{"start":{"line":28,"column":2},"end":{"line":95,"column":3}},"18":{"start":{"line":28,"column":15},"end":{"line":28,"column":16}},"19":{"start":{"line":29,"column":4},"end":{"line":39,"column":5}},"20":{"start":{"line":30,"column":6},"end":{"line":38,"column":8}},"21":{"start":{"line":40,"column":4},"end":{"line":50,"column":5}},"22":{"start":{"line":41,"column":8},"end":{"line":49,"column":8}},"23":{"start":{"line":51,"column":4},"end":{"line":61,"column":5}},"24":{"start":{"line":52,"column":7},"end":{"line":60,"column":8}},"25":{"start":{"line":62,"column":4},"end":{"line":72,"column":5}},"26":{"start":{"line":63,"column":8},"end":{"line":71,"column":8}},"27":{"start":{"line":73,"column":4},"end":{"line":83,"column":5}},"28":{"start":{"line":74,"column":7},"end":{"line":82,"column":8}},"29":{"start":{"line":84,"column":4},"end":{"line":94,"column":5}},"30":{"start":{"line":85,"column":7},"end":{"line":93,"column":8}},"31":{"start":{"line":97,"column":0},"end":{"line":97,"column":18}},"32":{"start":{"line":98,"column":0},"end":{"line":98,"column":12}},"33":{"start":{"line":102,"column":0},"end":{"line":102,"column":14}},"34":{"start":{"line":105,"column":0},"end":{"line":107,"column":1}},"35":{"start":{"line":105,"column":13},"end":{"line":105,"column":14}},"36":{"start":{"line":106,"column":2},"end":{"line":106,"column":15}},"37":{"start":{"line":113,"column":2},"end":{"line":113,"column":60}},"38":{"start":{"line":115,"column":2},"end":{"line":117,"column":3}},"39":{"start":{"line":116,"column":4},"end":{"line":116,"column":62}},"40":{"start":{"line":118,"column":3},"end":{"line":118,"column":51}},"41":{"start":{"line":120,"column":2},"end":{"line":125,"column":3}},"42":{"start":{"line":121,"column":4},"end":{"line":121,"column":44}},"43":{"start":{"line":124,"column":4},"end":{"line":124,"column":44}},"44":{"start":{"line":127,"column":2},"end":{"line":145,"column":3}},"45":{"start":{"line":131,"column":4},"end":{"line":136,"column":1}},"46":{"start":{"line":132,"column":6},"end":{"line":132,"column":27}},"47":{"start":{"line":135,"column":2},"end":{"line":135,"column":50}},"48":{"start":{"line":137,"column":0},"end":{"line":142,"column":1}},"49":{"start":{"line":138,"column":2},"end":{"line":138,"column":23}},"50":{"start":{"line":141,"column":2},"end":{"line":141,"column":51}},"51":{"start":{"line":147,"column":2},"end":{"line":153,"column":3}},"52":{"start":{"line":152,"column":4},"end":{"line":152,"column":41}},"53":{"start":{"line":155,"column":2},"end":{"line":155,"column":29}},"54":{"start":{"line":156,"column":2},"end":{"line":156,"column":20}},"55":{"start":{"line":161,"column":2},"end":{"line":167,"column":3}},"56":{"start":{"line":162,"column":4},"end":{"line":162,"column":43}},"57":{"start":{"line":163,"column":4},"end":{"line":163,"column":42}},"58":{"start":{"line":164,"column":9},"end":{"line":167,"column":3}},"59":{"start":{"line":165,"column":4},"end":{"line":165,"column":43}},"60":{"start":{"line":166,"column":4},"end":{"line":166,"column":50}},"61":{"start":{"line":171,"column":3},"end":{"line":192,"column":3}},"62":{"start":{"line":172,"column":4},"end":{"line":181,"column":5}},"63":{"start":{"line":173,"column":6},"end":{"line":179,"column":7}},"64":{"start":{"line":174,"column":0},"end":{"line":174,"column":21}},"65":{"start":{"line":177,"column":8},"end":{"line":178,"column":51}},"66":{"start":{"line":182,"column":4},"end":{"line":190,"column":5}},"67":{"start":{"line":183,"column":0},"end":{"line":188,"column":1}},"68":{"start":{"line":184,"column":2},"end":{"line":184,"column":23}},"69":{"start":{"line":186,"column":2},"end":{"line":187,"column":45}},"70":{"start":{"line":195,"column":2},"end":{"line":222,"column":6}},"71":{"start":{"line":196,"column":4},"end":{"line":201,"column":6}},"72":{"start":{"line":203,"column":4},"end":{"line":203,"column":31}},"73":{"start":{"line":207,"column":4},"end":{"line":213,"column":7}},"74":{"start":{"line":208,"column":6},"end":{"line":208,"column":27}},"75":{"start":{"line":212,"column":7},"end":{"line":212,"column":56}},"76":{"start":{"line":214,"column":6},"end":{"line":220,"column":8}},"77":{"start":{"line":215,"column":7},"end":{"line":215,"column":28}},"78":{"start":{"line":219,"column":9},"end":{"line":219,"column":58}},"79":{"start":{"line":224,"column":2},"end":{"line":246,"column":3}},"80":{"start":{"line":225,"column":4},"end":{"line":230,"column":6}},"81":{"start":{"line":232,"column":4},"end":{"line":238,"column":7}},"82":{"start":{"line":233,"column":6},"end":{"line":233,"column":27}},"83":{"start":{"line":237,"column":7},"end":{"line":237,"column":56}},"84":{"start":{"line":239,"column":6},"end":{"line":245,"column":8}},"85":{"start":{"line":240,"column":7},"end":{"line":240,"column":28}},"86":{"start":{"line":244,"column":9},"end":{"line":244,"column":58}},"87":{"start":{"line":248,"column":2},"end":{"line":248,"column":13}},"88":{"start":{"line":250,"column":2},"end":{"line":252,"column":3}},"89":{"start":{"line":251,"column":4},"end":{"line":251,"column":16}},"90":{"start":{"line":254,"column":2},"end":{"line":254,"column":25}},"91":{"start":{"line":260,"column":2},"end":{"line":260,"column":53}},"92":{"start":{"line":261,"column":2},"end":{"line":261,"column":30}},"93":{"start":{"line":262,"column":2},"end":{"line":262,"column":55}},"94":{"start":{"line":263,"column":2},"end":{"line":263,"column":33}},"95":{"start":{"line":265,"column":2},"end":{"line":271,"column":5}},"96":{"start":{"line":266,"column":4},"end":{"line":266,"column":25}},"97":{"start":{"line":270,"column":5},"end":{"line":270,"column":52}},"98":{"start":{"line":272,"column":4},"end":{"line":278,"column":6}},"99":{"start":{"line":273,"column":5},"end":{"line":273,"column":26}},"100":{"start":{"line":277,"column":7},"end":{"line":277,"column":55}},"101":{"start":{"line":282,"column":2},"end":{"line":290,"column":3}},"102":{"start":{"line":283,"column":4},"end":{"line":283,"column":41}},"103":{"start":{"line":284,"column":4},"end":{"line":286,"column":5}},"104":{"start":{"line":285,"column":6},"end":{"line":285,"column":33}},"105":{"start":{"line":287,"column":4},"end":{"line":289,"column":5}},"106":{"start":{"line":288,"column":6},"end":{"line":288,"column":18}},"107":{"start":{"line":296,"column":2},"end":{"line":296,"column":20}},"108":{"start":{"line":297,"column":0},"end":{"line":303,"column":2}},"109":{"start":{"line":298,"column":1},"end":{"line":298,"column":22}},"110":{"start":{"line":302,"column":2},"end":{"line":302,"column":51}},"111":{"start":{"line":304,"column":1},"end":{"line":310,"column":3}},"112":{"start":{"line":305,"column":2},"end":{"line":305,"column":23}},"113":{"start":{"line":309,"column":4},"end":{"line":309,"column":53}},"114":{"start":{"line":314,"column":2},"end":{"line":318,"column":3}},"115":{"start":{"line":315,"column":4},"end":{"line":315,"column":17}},"116":{"start":{"line":317,"column":4},"end":{"line":317,"column":42}},"117":{"start":{"line":319,"column":2},"end":{"line":326,"column":3}},"118":{"start":{"line":323,"column":4},"end":{"line":323,"column":31}},"119":{"start":{"line":325,"column":4},"end":{"line":325,"column":30}},"120":{"start":{"line":328,"column":2},"end":{"line":329,"column":3}},"121":{"start":{"line":337,"column":2},"end":{"line":337,"column":15}},"122":{"start":{"line":338,"column":2},"end":{"line":352,"column":3}},"123":{"start":{"line":339,"column":4},"end":{"line":350,"column":5}},"124":{"start":{"line":340,"column":6},"end":{"line":347,"column":7}},"125":{"start":{"line":341,"column":8},"end":{"line":341,"column":56}},"126":{"start":{"line":343,"column":8},"end":{"line":346,"column":10}},"127":{"start":{"line":349,"column":6},"end":{"line":349,"column":31}},"128":{"start":{"line":351,"column":4},"end":{"line":351,"column":53}},"129":{"start":{"line":353,"column":2},"end":{"line":367,"column":3}},"130":{"start":{"line":354,"column":4},"end":{"line":365,"column":5}},"131":{"start":{"line":355,"column":6},"end":{"line":362,"column":7}},"132":{"start":{"line":356,"column":8},"end":{"line":356,"column":57}},"133":{"start":{"line":358,"column":8},"end":{"line":361,"column":10}},"134":{"start":{"line":364,"column":6},"end":{"line":364,"column":31}},"135":{"start":{"line":366,"column":4},"end":{"line":366,"column":54}},"136":{"start":{"line":369,"column":2},"end":{"line":384,"column":3}},"137":{"start":{"line":370,"column":4},"end":{"line":382,"column":5}},"138":{"start":{"line":371,"column":6},"end":{"line":379,"column":7}},"139":{"start":{"line":372,"column":8},"end":{"line":372,"column":55}},"140":{"start":{"line":375,"column":8},"end":{"line":378,"column":10}},"141":{"start":{"line":381,"column":6},"end":{"line":381,"column":31}},"142":{"start":{"line":383,"column":4},"end":{"line":383,"column":52}},"143":{"start":{"line":385,"column":0},"end":{"line":385,"column":46}},"144":{"start":{"line":386,"column":2},"end":{"line":386,"column":66}},"145":{"start":{"line":387,"column":2},"end":{"line":387,"column":68}},"146":{"start":{"line":391,"column":0},"end":{"line":391,"column":35}},"147":{"start":{"line":392,"column":0},"end":{"line":392,"column":32}}},"fnMap":{"0":{"name":"(anonymous_0)","decl":{"start":{"line":2,"column":2},"end":{"line":2,"column":3}},"loc":{"start":{"line":2,"column":56},"end":{"line":8,"column":3}},"line":2},"1":{"name":"generarMazo","decl":{"start":{"line":26,"column":10},"end":{"line":26,"column":21}},"loc":{"start":{"line":26,"column":23},"end":{"line":99,"column":1}},"line":26},"2":{"name":"cogerCarta","decl":{"start":{"line":112,"column":9},"end":{"line":112,"column":19}},"loc":{"start":{"line":112,"column":22},"end":{"line":255,"column":1}},"line":112},"3":{"name":"ace","decl":{"start":{"line":259,"column":9},"end":{"line":259,"column":12}},"loc":{"start":{"line":259,"column":18},"end":{"line":291,"column":1}},"line":259},"4":{"name":"plantarse","decl":{"start":{"line":295,"column":9},"end":{"line":295,"column":18}},"loc":{"start":{"line":295,"column":21},"end":{"line":330,"column":1}},"line":295},"5":{"name":"victoriaDerrota","decl":{"start":{"line":336,"column":15},"end":{"line":336,"column":30}},"loc":{"start":{"line":336,"column":36},"end":{"line":388,"column":1}},"line":336}},"branchMap":{"0":{"loc":{"start":{"line":29,"column":4},"end":{"line":39,"column":5}},"type":"if","locations":[{"start":{"line":29,"column":4},"end":{"line":39,"column":5}},{"start":{},"end":{}}],"line":29},"1":{"loc":{"start":{"line":40,"column":4},"end":{"line":50,"column":5}},"type":"if","locations":[{"start":{"line":40,"column":4},"end":{"line":50,"column":5}},{"start":{},"end":{}}],"line":40},"2":{"loc":{"start":{"line":51,"column":4},"end":{"line":61,"column":5}},"type":"if","locations":[{"start":{"line":51,"column":4},"end":{"line":61,"column":5}},{"start":{},"end":{}}],"line":51},"3":{"loc":{"start":{"line":62,"column":4},"end":{"line":72,"column":5}},"type":"if","locations":[{"start":{"line":62,"column":4},"end":{"line":72,"column":5}},{"start":{},"end":{}}],"line":62},"4":{"loc":{"start":{"line":73,"column":4},"end":{"line":83,"column":5}},"type":"if","locations":[{"start":{"line":73,"column":4},"end":{"line":83,"column":5}},{"start":{},"end":{}}],"line":73},"5":{"loc":{"start":{"line":84,"column":4},"end":{"line":94,"column":5}},"type":"if","locations":[{"start":{"line":84,"column":4},"end":{"line":94,"column":5}},{"start":{},"end":{}}],"line":84},"6":{"loc":{"start":{"line":120,"column":2},"end":{"line":125,"column":3}},"type":"if","locations":[{"start":{"line":120,"column":2},"end":{"line":125,"column":3}},{"start":{"line":122,"column":9},"end":{"line":125,"column":3}}],"line":120},"7":{"loc":{"start":{"line":120,"column":6},"end":{"line":120,"column":40}},"type":"binary-expr","locations":[{"start":{"line":120,"column":6},"end":{"line":120,"column":18}},{"start":{"line":120,"column":22},"end":{"line":120,"column":40}}],"line":120},"8":{"loc":{"start":{"line":127,"column":2},"end":{"line":145,"column":3}},"type":"if","locations":[{"start":{"line":127,"column":2},"end":{"line":145,"column":3}},{"start":{},"end":{}}],"line":127},"9":{"loc":{"start":{"line":128,"column":4},"end":{"line":129,"column":44}},"type":"binary-expr","locations":[{"start":{"line":128,"column":5},"end":{"line":128,"column":19}},{"start":{"line":128,"column":23},"end":{"line":128,"column":38}},{"start":{"line":128,"column":42},"end":{"line":128,"column":57}},{"start":{"line":128,"column":61},"end":{"line":128,"column":76}},{"start":{"line":129,"column":4},"end":{"line":129,"column":44}}],"line":128},"10":{"loc":{"start":{"line":131,"column":4},"end":{"line":136,"column":1}},"type":"if","locations":[{"start":{"line":131,"column":4},"end":{"line":136,"column":1}},{"start":{"line":134,"column":4},"end":{"line":136,"column":1}}],"line":131},"11":{"loc":{"start":{"line":137,"column":0},"end":{"line":142,"column":1}},"type":"if","locations":[{"start":{"line":137,"column":0},"end":{"line":142,"column":1}},{"start":{"line":140,"column":4},"end":{"line":142,"column":1}}],"line":137},"12":{"loc":{"start":{"line":147,"column":2},"end":{"line":153,"column":3}},"type":"if","locations":[{"start":{"line":147,"column":2},"end":{"line":153,"column":3}},{"start":{},"end":{}}],"line":147},"13":{"loc":{"start":{"line":148,"column":4},"end":{"line":150,"column":28}},"type":"binary-expr","locations":[{"start":{"line":148,"column":5},"end":{"line":148,"column":19}},{"start":{"line":148,"column":23},"end":{"line":148,"column":38}},{"start":{"line":148,"column":42},"end":{"line":148,"column":57}},{"start":{"line":148,"column":61},"end":{"line":148,"column":76}},{"start":{"line":149,"column":4},"end":{"line":149,"column":44}},{"start":{"line":150,"column":4},"end":{"line":150,"column":28}}],"line":148},"14":{"loc":{"start":{"line":161,"column":2},"end":{"line":167,"column":3}},"type":"if","locations":[{"start":{"line":161,"column":2},"end":{"line":167,"column":3}},{"start":{"line":164,"column":9},"end":{"line":167,"column":3}}],"line":161},"15":{"loc":{"start":{"line":164,"column":9},"end":{"line":167,"column":3}},"type":"if","locations":[{"start":{"line":164,"column":9},"end":{"line":167,"column":3}},{"start":{},"end":{}}],"line":164},"16":{"loc":{"start":{"line":171,"column":3},"end":{"line":192,"column":3}},"type":"if","locations":[{"start":{"line":171,"column":3},"end":{"line":192,"column":3}},{"start":{},"end":{}}],"line":171},"17":{"loc":{"start":{"line":172,"column":4},"end":{"line":181,"column":5}},"type":"if","locations":[{"start":{"line":172,"column":4},"end":{"line":181,"column":5}},{"start":{},"end":{}}],"line":172},"18":{"loc":{"start":{"line":173,"column":6},"end":{"line":179,"column":7}},"type":"if","locations":[{"start":{"line":173,"column":6},"end":{"line":179,"column":7}},{"start":{"line":176,"column":10},"end":{"line":179,"column":7}}],"line":173},"19":{"loc":{"start":{"line":182,"column":4},"end":{"line":190,"column":5}},"type":"if","locations":[{"start":{"line":182,"column":4},"end":{"line":190,"column":5}},{"start":{},"end":{}}],"line":182},"20":{"loc":{"start":{"line":183,"column":0},"end":{"line":188,"column":1}},"type":"if","locations":[{"start":{"line":183,"column":0},"end":{"line":188,"column":1}},{"start":{"line":185,"column":5},"end":{"line":188,"column":1}}],"line":183},"21":{"loc":{"start":{"line":195,"column":2},"end":{"line":222,"column":6}},"type":"if","locations":[{"start":{"line":195,"column":2},"end":{"line":222,"column":6}},{"start":{},"end":{}}],"line":195},"22":{"loc":{"start":{"line":207,"column":4},"end":{"line":213,"column":7}},"type":"if","locations":[{"start":{"line":207,"column":4},"end":{"line":213,"column":7}},{"start":{"line":210,"column":10},"end":{"line":213,"column":7}}],"line":207},"23":{"loc":{"start":{"line":214,"column":6},"end":{"line":220,"column":8}},"type":"if","locations":[{"start":{"line":214,"column":6},"end":{"line":220,"column":8}},{"start":{"line":217,"column":11},"end":{"line":220,"column":8}}],"line":214},"24":{"loc":{"start":{"line":224,"column":2},"end":{"line":246,"column":3}},"type":"if","locations":[{"start":{"line":224,"column":2},"end":{"line":246,"column":3}},{"start":{},"end":{}}],"line":224},"25":{"loc":{"start":{"line":232,"column":4},"end":{"line":238,"column":7}},"type":"if","locations":[{"start":{"line":232,"column":4},"end":{"line":238,"column":7}},{"start":{"line":235,"column":10},"end":{"line":238,"column":7}}],"line":232},"26":{"loc":{"start":{"line":239,"column":6},"end":{"line":245,"column":8}},"type":"if","locations":[{"start":{"line":239,"column":6},"end":{"line":245,"column":8}},{"start":{"line":242,"column":11},"end":{"line":245,"column":8}}],"line":239},"27":{"loc":{"start":{"line":250,"column":2},"end":{"line":252,"column":3}},"type":"if","locations":[{"start":{"line":250,"column":2},"end":{"line":252,"column":3}},{"start":{},"end":{}}],"line":250},"28":{"loc":{"start":{"line":250,"column":6},"end":{"line":250,"column":48}},"type":"binary-expr","locations":[{"start":{"line":250,"column":6},"end":{"line":250,"column":26}},{"start":{"line":250,"column":30},"end":{"line":250,"column":48}}],"line":250},"29":{"loc":{"start":{"line":265,"column":2},"end":{"line":271,"column":5}},"type":"if","locations":[{"start":{"line":265,"column":2},"end":{"line":271,"column":5}},{"start":{"line":268,"column":8},"end":{"line":271,"column":5}}],"line":265},"30":{"loc":{"start":{"line":272,"column":4},"end":{"line":278,"column":6}},"type":"if","locations":[{"start":{"line":272,"column":4},"end":{"line":278,"column":6}},{"start":{"line":275,"column":9},"end":{"line":278,"column":6}}],"line":272},"31":{"loc":{"start":{"line":282,"column":2},"end":{"line":290,"column":3}},"type":"if","locations":[{"start":{"line":282,"column":2},"end":{"line":290,"column":3}},{"start":{},"end":{}}],"line":282},"32":{"loc":{"start":{"line":284,"column":4},"end":{"line":286,"column":5}},"type":"if","locations":[{"start":{"line":284,"column":4},"end":{"line":286,"column":5}},{"start":{},"end":{}}],"line":284},"33":{"loc":{"start":{"line":287,"column":4},"end":{"line":289,"column":5}},"type":"if","locations":[{"start":{"line":287,"column":4},"end":{"line":289,"column":5}},{"start":{},"end":{}}],"line":287},"34":{"loc":{"start":{"line":297,"column":0},"end":{"line":303,"column":2}},"type":"if","locations":[{"start":{"line":297,"column":0},"end":{"line":303,"column":2}},{"start":{"line":300,"column":5},"end":{"line":303,"column":2}}],"line":297},"35":{"loc":{"start":{"line":304,"column":1},"end":{"line":310,"column":3}},"type":"if","locations":[{"start":{"line":304,"column":1},"end":{"line":310,"column":3}},{"start":{"line":307,"column":6},"end":{"line":310,"column":3}}],"line":304},"36":{"loc":{"start":{"line":314,"column":9},"end":{"line":314,"column":63}},"type":"binary-expr","locations":[{"start":{"line":314,"column":9},"end":{"line":314,"column":40}},{"start":{"line":314,"column":44},"end":{"line":314,"column":63}}],"line":314},"37":{"loc":{"start":{"line":319,"column":2},"end":{"line":326,"column":3}},"type":"if","locations":[{"start":{"line":319,"column":2},"end":{"line":326,"column":3}},{"start":{"line":324,"column":9},"end":{"line":326,"column":3}}],"line":319},"38":{"loc":{"start":{"line":320,"column":4},"end":{"line":321,"column":23}},"type":"binary-expr","locations":[{"start":{"line":320,"column":5},"end":{"line":320,"column":36}},{"start":{"line":320,"column":40},"end":{"line":320,"column":59}},{"start":{"line":321,"column":4},"end":{"line":321,"column":23}}],"line":320},"39":{"loc":{"start":{"line":328,"column":2},"end":{"line":329,"column":3}},"type":"if","locations":[{"start":{"line":328,"column":2},"end":{"line":329,"column":3}},{"start":{},"end":{}}],"line":328},"40":{"loc":{"start":{"line":328,"column":6},"end":{"line":328,"column":50}},"type":"binary-expr","locations":[{"start":{"line":328,"column":6},"end":{"line":328,"column":26}},{"start":{"line":328,"column":30},"end":{"line":328,"column":50}}],"line":328},"41":{"loc":{"start":{"line":338,"column":2},"end":{"line":352,"column":3}},"type":"if","locations":[{"start":{"line":338,"column":2},"end":{"line":352,"column":3}},{"start":{},"end":{}}],"line":338},"42":{"loc":{"start":{"line":340,"column":6},"end":{"line":347,"column":7}},"type":"if","locations":[{"start":{"line":340,"column":6},"end":{"line":347,"column":7}},{"start":{"line":342,"column":13},"end":{"line":347,"column":7}}],"line":340},"43":{"loc":{"start":{"line":353,"column":2},"end":{"line":367,"column":3}},"type":"if","locations":[{"start":{"line":353,"column":2},"end":{"line":367,"column":3}},{"start":{},"end":{}}],"line":353},"44":{"loc":{"start":{"line":355,"column":6},"end":{"line":362,"column":7}},"type":"if","locations":[{"start":{"line":355,"column":6},"end":{"line":362,"column":7}},{"start":{"line":357,"column":13},"end":{"line":362,"column":7}}],"line":355},"45":{"loc":{"start":{"line":369,"column":2},"end":{"line":384,"column":3}},"type":"if","locations":[{"start":{"line":369,"column":2},"end":{"line":384,"column":3}},{"start":{},"end":{}}],"line":369},"46":{"loc":{"start":{"line":371,"column":6},"end":{"line":379,"column":7}},"type":"if","locations":[{"start":{"line":371,"column":6},"end":{"line":379,"column":7}},{"start":{"line":374,"column":13},"end":{"line":379,"column":7}}],"line":371}},"s":{"0":104,"1":104,"2":104,"3":104,"4":104,"5":1,"6":1,"7":1,"8":1,"9":1,"10":1,"11":1,"12":1,"13":1,"14":1,"15":2,"16":2,"17":8,"18":8,"19":104,"20":8,"21":104,"22":8,"23":104,"24":8,"25":104,"26":8,"27":104,"28":8,"29":104,"30":64,"31":2,"32":2,"33":1,"34":1,"35":1,"36":4,"37":4,"38":4,"39":2,"40":4,"41":4,"42":2,"43":2,"44":4,"45":0,"46":0,"47":0,"48":0,"49":0,"50":0,"51":4,"52":0,"53":4,"54":4,"55":4,"56":2,"57":2,"58":2,"59":2,"60":2,"61":4,"62":3,"63":2,"64":2,"65":0,"66":3,"67":1,"68":1,"69":0,"70":4,"71":0,"72":0,"73":0,"74":0,"75":0,"76":0,"77":0,"78":0,"79":4,"80":0,"81":0,"82":0,"83":0,"84":0,"85":0,"86":0,"87":4,"88":4,"89":0,"90":4,"91":0,"92":0,"93":0,"94":0,"95":0,"96":0,"97":0,"98":0,"99":0,"100":0,"101":0,"102":0,"103":0,"104":0,"105":0,"106":0,"107":0,"108":0,"109":0,"110":0,"111":0,"112":0,"113":0,"114":0,"115":0,"116":0,"117":0,"118":0,"119":0,"120":0,"121":0,"122":0,"123":0,"124":0,"125":0,"126":0,"127":0,"128":0,"129":0,"130":0,"131":0,"132":0,"133":0,"134":0,"135":0,"136":0,"137":0,"138":0,"139":0,"140":0,"141":0,"142":0,"143":0,"144":0,"145":0,"146":1,"147":1},"f":{"0":104,"1":2,"2":4,"3":0,"4":0,"5":0},"b":{"0":[8,96],"1":[8,96],"2":[8,96],"3":[8,96],"4":[8,96],"5":[64,40],"6":[2,2],"7":[4,2],"8":[0,4],"9":[4,4,4,4,0],"10":[0,0],"11":[0,0],"12":[0,4],"13":[4,4,4,4,0,0],"14":[2,2],"15":[2,0],"16":[3,1],"17":[2,1],"18":[2,0],"19":[1,2],"20":[1,0],"21":[0,4],"22":[0,0],"23":[0,0],"24":[0,4],"25":[0,0],"26":[0,0],"27":[0,4],"28":[4,0],"29":[0,0],"30":[0,0],"31":[0,0],"32":[0,0],"33":[0,0],"34":[0,0],"35":[0,0],"36":[0,0],"37":[0,0],"38":[0,0,0],"39":[0,0],"40":[0,0],"41":[0,0],"42":[0,0],"43":[0,0],"44":[0,0],"45":[0,0],"46":[0,0]},"_coverageSchema":"1a1c01bbd47fc00a2c39e90264f33305004495a9","hash":"d80d3a4a42782a745911fe6466a97af969e8c67a"}
,"C:\\Users\\alumno\\Documents\\GitHub\\project2-Lucatic\\juego1\\juego1.js": {"path":"C:\\Users\\alumno\\Documents\\GitHub\\project2-Lucatic\\juego1\\juego1.js","statementMap":{"0":{"start":{"line":3,"column":24},"end":{"line":3,"column":25}},"1":{"start":{"line":4,"column":24},"end":{"line":4,"column":25}},"2":{"start":{"line":5,"column":22},"end":{"line":5,"column":23}},"3":{"start":{"line":6,"column":20},"end":{"line":8,"column":1}},"4":{"start":{"line":9,"column":18},"end":{"line":11,"column":1}},"5":{"start":{"line":12,"column":19},"end":{"line":14,"column":1}},"6":{"start":{"line":15,"column":18},"end":{"line":17,"column":1}},"7":{"start":{"line":18,"column":19},"end":{"line":20,"column":1}},"8":{"start":{"line":21,"column":12},"end":{"line":21,"column":81}},"9":{"start":{"line":24,"column":18},"end":{"line":27,"column":1}},"10":{"start":{"line":25,"column":15},"end":{"line":25,"column":60}},"11":{"start":{"line":26,"column":2},"end":{"line":26,"column":16}},"12":{"start":{"line":29,"column":16},"end":{"line":38,"column":1}},"13":{"start":{"line":30,"column":2},"end":{"line":30,"column":71}},"14":{"start":{"line":31,"column":2},"end":{"line":31,"column":71}},"15":{"start":{"line":32,"column":2},"end":{"line":32,"column":71}},"16":{"start":{"line":33,"column":2},"end":{"line":33,"column":69}},"17":{"start":{"line":34,"column":2},"end":{"line":34,"column":70}},"18":{"start":{"line":35,"column":2},"end":{"line":35,"column":69}},"19":{"start":{"line":36,"column":2},"end":{"line":36,"column":70}},"20":{"start":{"line":37,"column":2},"end":{"line":37,"column":23}},"21":{"start":{"line":40,"column":16},"end":{"line":90,"column":1}},"22":{"start":{"line":41,"column":2},"end":{"line":41,"column":22}},"23":{"start":{"line":42,"column":2},"end":{"line":42,"column":24}},"24":{"start":{"line":43,"column":2},"end":{"line":43,"column":24}},"25":{"start":{"line":44,"column":2},"end":{"line":48,"column":3}},"26":{"start":{"line":45,"column":4},"end":{"line":45,"column":25}},"27":{"start":{"line":47,"column":4},"end":{"line":47,"column":73}},"28":{"start":{"line":49,"column":2},"end":{"line":53,"column":3}},"29":{"start":{"line":50,"column":4},"end":{"line":50,"column":25}},"30":{"start":{"line":52,"column":4},"end":{"line":52,"column":73}},"31":{"start":{"line":54,"column":2},"end":{"line":58,"column":3}},"32":{"start":{"line":55,"column":4},"end":{"line":55,"column":25}},"33":{"start":{"line":57,"column":4},"end":{"line":57,"column":73}},"34":{"start":{"line":59,"column":2},"end":{"line":63,"column":3}},"35":{"start":{"line":60,"column":4},"end":{"line":60,"column":25}},"36":{"start":{"line":62,"column":4},"end":{"line":62,"column":71}},"37":{"start":{"line":64,"column":2},"end":{"line":68,"column":3}},"38":{"start":{"line":65,"column":4},"end":{"line":65,"column":25}},"39":{"start":{"line":67,"column":4},"end":{"line":67,"column":72}},"40":{"start":{"line":69,"column":2},"end":{"line":73,"column":3}},"41":{"start":{"line":70,"column":4},"end":{"line":70,"column":25}},"42":{"start":{"line":72,"column":4},"end":{"line":72,"column":71}},"43":{"start":{"line":74,"column":2},"end":{"line":78,"column":3}},"44":{"start":{"line":75,"column":4},"end":{"line":75,"column":25}},"45":{"start":{"line":77,"column":4},"end":{"line":77,"column":72}},"46":{"start":{"line":79,"column":2},"end":{"line":83,"column":3}},"47":{"start":{"line":80,"column":4},"end":{"line":80,"column":25}},"48":{"start":{"line":82,"column":4},"end":{"line":82,"column":65}},"49":{"start":{"line":84,"column":2},"end":{"line":88,"column":3}},"50":{"start":{"line":85,"column":4},"end":{"line":85,"column":25}},"51":{"start":{"line":87,"column":4},"end":{"line":87,"column":64}},"52":{"start":{"line":92,"column":18},"end":{"line":184,"column":1}},"53":{"start":{"line":93,"column":11},"end":{"line":93,"column":22}},"54":{"start":{"line":94,"column":25},"end":{"line":94,"column":34}},"55":{"start":{"line":95,"column":22},"end":{"line":95,"column":37}},"56":{"start":{"line":96,"column":2},"end":{"line":96,"column":65}},"57":{"start":{"line":97,"column":2},"end":{"line":97,"column":62}},"58":{"start":{"line":98,"column":2},"end":{"line":183,"column":3}},"59":{"start":{"line":99,"column":4},"end":{"line":99,"column":71}},"60":{"start":{"line":100,"column":4},"end":{"line":100,"column":24}},"61":{"start":{"line":101,"column":4},"end":{"line":101,"column":112}},"62":{"start":{"line":102,"column":9},"end":{"line":183,"column":3}},"63":{"start":{"line":103,"column":4},"end":{"line":103,"column":71}},"64":{"start":{"line":104,"column":4},"end":{"line":104,"column":24}},"65":{"start":{"line":105,"column":4},"end":{"line":105,"column":112}},"66":{"start":{"line":106,"column":9},"end":{"line":183,"column":3}},"67":{"start":{"line":107,"column":4},"end":{"line":107,"column":71}},"68":{"start":{"line":108,"column":4},"end":{"line":108,"column":24}},"69":{"start":{"line":109,"column":4},"end":{"line":109,"column":112}},"70":{"start":{"line":110,"column":9},"end":{"line":183,"column":3}},"71":{"start":{"line":111,"column":4},"end":{"line":111,"column":71}},"72":{"start":{"line":112,"column":4},"end":{"line":112,"column":24}},"73":{"start":{"line":113,"column":4},"end":{"line":113,"column":112}},"74":{"start":{"line":114,"column":9},"end":{"line":183,"column":3}},"75":{"start":{"line":115,"column":4},"end":{"line":115,"column":71}},"76":{"start":{"line":116,"column":4},"end":{"line":116,"column":24}},"77":{"start":{"line":117,"column":4},"end":{"line":117,"column":112}},"78":{"start":{"line":118,"column":9},"end":{"line":183,"column":3}},"79":{"start":{"line":119,"column":4},"end":{"line":119,"column":71}},"80":{"start":{"line":120,"column":4},"end":{"line":120,"column":24}},"81":{"start":{"line":121,"column":4},"end":{"line":121,"column":112}},"82":{"start":{"line":122,"column":9},"end":{"line":183,"column":3}},"83":{"start":{"line":123,"column":4},"end":{"line":123,"column":71}},"84":{"start":{"line":124,"column":4},"end":{"line":124,"column":24}},"85":{"start":{"line":125,"column":4},"end":{"line":125,"column":112}},"86":{"start":{"line":126,"column":9},"end":{"line":183,"column":3}},"87":{"start":{"line":127,"column":4},"end":{"line":127,"column":71}},"88":{"start":{"line":128,"column":4},"end":{"line":128,"column":24}},"89":{"start":{"line":129,"column":4},"end":{"line":129,"column":112}},"90":{"start":{"line":130,"column":9},"end":{"line":183,"column":3}},"91":{"start":{"line":131,"column":4},"end":{"line":131,"column":71}},"92":{"start":{"line":132,"column":4},"end":{"line":132,"column":24}},"93":{"start":{"line":133,"column":4},"end":{"line":133,"column":112}},"94":{"start":{"line":134,"column":9},"end":{"line":183,"column":3}},"95":{"start":{"line":135,"column":4},"end":{"line":135,"column":71}},"96":{"start":{"line":136,"column":4},"end":{"line":136,"column":24}},"97":{"start":{"line":137,"column":4},"end":{"line":137,"column":112}},"98":{"start":{"line":138,"column":9},"end":{"line":183,"column":3}},"99":{"start":{"line":139,"column":4},"end":{"line":139,"column":71}},"100":{"start":{"line":140,"column":4},"end":{"line":140,"column":24}},"101":{"start":{"line":141,"column":4},"end":{"line":141,"column":112}},"102":{"start":{"line":142,"column":9},"end":{"line":183,"column":3}},"103":{"start":{"line":143,"column":4},"end":{"line":143,"column":71}},"104":{"start":{"line":144,"column":4},"end":{"line":144,"column":24}},"105":{"start":{"line":145,"column":4},"end":{"line":145,"column":112}},"106":{"start":{"line":146,"column":9},"end":{"line":183,"column":3}},"107":{"start":{"line":147,"column":4},"end":{"line":147,"column":71}},"108":{"start":{"line":148,"column":4},"end":{"line":148,"column":24}},"109":{"start":{"line":149,"column":4},"end":{"line":149,"column":112}},"110":{"start":{"line":150,"column":9},"end":{"line":183,"column":3}},"111":{"start":{"line":151,"column":4},"end":{"line":151,"column":71}},"112":{"start":{"line":152,"column":4},"end":{"line":152,"column":24}},"113":{"start":{"line":153,"column":4},"end":{"line":153,"column":112}},"114":{"start":{"line":154,"column":9},"end":{"line":183,"column":3}},"115":{"start":{"line":155,"column":4},"end":{"line":155,"column":71}},"116":{"start":{"line":156,"column":4},"end":{"line":156,"column":24}},"117":{"start":{"line":157,"column":4},"end":{"line":157,"column":112}},"118":{"start":{"line":158,"column":9},"end":{"line":183,"column":3}},"119":{"start":{"line":159,"column":4},"end":{"line":159,"column":71}},"120":{"start":{"line":160,"column":4},"end":{"line":160,"column":24}},"121":{"start":{"line":161,"column":4},"end":{"line":161,"column":112}},"122":{"start":{"line":162,"column":9},"end":{"line":183,"column":3}},"123":{"start":{"line":163,"column":4},"end":{"line":163,"column":71}},"124":{"start":{"line":164,"column":4},"end":{"line":164,"column":24}},"125":{"start":{"line":165,"column":4},"end":{"line":165,"column":112}},"126":{"start":{"line":166,"column":9},"end":{"line":183,"column":3}},"127":{"start":{"line":167,"column":4},"end":{"line":167,"column":71}},"128":{"start":{"line":168,"column":4},"end":{"line":168,"column":24}},"129":{"start":{"line":169,"column":4},"end":{"line":169,"column":112}},"130":{"start":{"line":170,"column":9},"end":{"line":183,"column":3}},"131":{"start":{"line":171,"column":4},"end":{"line":171,"column":71}},"132":{"start":{"line":172,"column":4},"end":{"line":172,"column":24}},"133":{"start":{"line":173,"column":4},"end":{"line":173,"column":112}},"134":{"start":{"line":174,"column":9},"end":{"line":183,"column":3}},"135":{"start":{"line":175,"column":4},"end":{"line":175,"column":71}},"136":{"start":{"line":176,"column":4},"end":{"line":176,"column":24}},"137":{"start":{"line":177,"column":4},"end":{"line":177,"column":112}},"138":{"start":{"line":178,"column":9},"end":{"line":183,"column":3}},"139":{"start":{"line":179,"column":4},"end":{"line":179,"column":62}},"140":{"start":{"line":180,"column":4},"end":{"line":180,"column":112}},"141":{"start":{"line":182,"column":4},"end":{"line":182,"column":65}},"142":{"start":{"line":187,"column":0},"end":{"line":191,"column":1}},"143":{"start":{"line":188,"column":2},"end":{"line":188,"column":36}},"144":{"start":{"line":190,"column":2},"end":{"line":190,"column":72}},"145":{"start":{"line":193,"column":0},"end":{"line":197,"column":1}},"146":{"start":{"line":194,"column":2},"end":{"line":194,"column":36}},"147":{"start":{"line":196,"column":2},"end":{"line":196,"column":76}},"148":{"start":{"line":199,"column":0},"end":{"line":203,"column":1}},"149":{"start":{"line":200,"column":2},"end":{"line":200,"column":36}},"150":{"start":{"line":202,"column":2},"end":{"line":202,"column":70}},"151":{"start":{"line":205,"column":0},"end":{"line":217,"column":1}},"152":{"start":{"line":206,"column":2},"end":{"line":206,"column":36}},"153":{"start":{"line":208,"column":2},"end":{"line":216,"column":4}},"154":{"start":{"line":210,"column":4},"end":{"line":210,"column":85}},"155":{"start":{"line":211,"column":4},"end":{"line":211,"column":71}},"156":{"start":{"line":212,"column":4},"end":{"line":212,"column":72}},"157":{"start":{"line":213,"column":4},"end":{"line":213,"column":71}},"158":{"start":{"line":214,"column":4},"end":{"line":214,"column":72}},"159":{"start":{"line":215,"column":4},"end":{"line":215,"column":36}},"160":{"start":{"line":219,"column":0},"end":{"line":231,"column":1}},"161":{"start":{"line":220,"column":2},"end":{"line":220,"column":36}},"162":{"start":{"line":222,"column":2},"end":{"line":230,"column":4}},"163":{"start":{"line":224,"column":4},"end":{"line":224,"column":73}},"164":{"start":{"line":225,"column":4},"end":{"line":225,"column":83}},"165":{"start":{"line":226,"column":4},"end":{"line":226,"column":72}},"166":{"start":{"line":227,"column":4},"end":{"line":227,"column":71}},"167":{"start":{"line":228,"column":4},"end":{"line":228,"column":72}},"168":{"start":{"line":229,"column":4},"end":{"line":229,"column":34}},"169":{"start":{"line":233,"column":0},"end":{"line":245,"column":1}},"170":{"start":{"line":234,"column":2},"end":{"line":234,"column":36}},"171":{"start":{"line":236,"column":2},"end":{"line":244,"column":4}},"172":{"start":{"line":238,"column":4},"end":{"line":238,"column":73}},"173":{"start":{"line":239,"column":4},"end":{"line":239,"column":71}},"174":{"start":{"line":240,"column":4},"end":{"line":240,"column":84}},"175":{"start":{"line":241,"column":4},"end":{"line":241,"column":71}},"176":{"start":{"line":242,"column":4},"end":{"line":242,"column":72}},"177":{"start":{"line":243,"column":4},"end":{"line":243,"column":35}},"178":{"start":{"line":248,"column":0},"end":{"line":260,"column":1}},"179":{"start":{"line":249,"column":2},"end":{"line":249,"column":36}},"180":{"start":{"line":251,"column":2},"end":{"line":259,"column":4}},"181":{"start":{"line":253,"column":4},"end":{"line":253,"column":73}},"182":{"start":{"line":254,"column":4},"end":{"line":254,"column":71}},"183":{"start":{"line":255,"column":4},"end":{"line":255,"column":72}},"184":{"start":{"line":256,"column":4},"end":{"line":256,"column":83}},"185":{"start":{"line":257,"column":4},"end":{"line":257,"column":72}},"186":{"start":{"line":258,"column":4},"end":{"line":258,"column":34}},"187":{"start":{"line":262,"column":0},"end":{"line":274,"column":1}},"188":{"start":{"line":263,"column":2},"end":{"line":263,"column":36}},"189":{"start":{"line":265,"column":2},"end":{"line":273,"column":4}},"190":{"start":{"line":267,"column":4},"end":{"line":267,"column":73}},"191":{"start":{"line":268,"column":4},"end":{"line":268,"column":71}},"192":{"start":{"line":269,"column":4},"end":{"line":269,"column":72}},"193":{"start":{"line":270,"column":4},"end":{"line":270,"column":71}},"194":{"start":{"line":271,"column":4},"end":{"line":271,"column":84}},"195":{"start":{"line":272,"column":4},"end":{"line":272,"column":35}},"196":{"start":{"line":277,"column":2},"end":{"line":277,"column":15}},"197":{"start":{"line":279,"column":0},"end":{"line":279,"column":62}}},"fnMap":{"0":{"name":"(anonymous_0)","decl":{"start":{"line":24,"column":18},"end":{"line":24,"column":19}},"loc":{"start":{"line":24,"column":24},"end":{"line":27,"column":1}},"line":24},"1":{"name":"(anonymous_1)","decl":{"start":{"line":29,"column":16},"end":{"line":29,"column":17}},"loc":{"start":{"line":29,"column":22},"end":{"line":38,"column":1}},"line":29},"2":{"name":"(anonymous_2)","decl":{"start":{"line":40,"column":16},"end":{"line":40,"column":17}},"loc":{"start":{"line":40,"column":22},"end":{"line":90,"column":1}},"line":40},"3":{"name":"(anonymous_3)","decl":{"start":{"line":92,"column":18},"end":{"line":92,"column":19}},"loc":{"start":{"line":92,"column":24},"end":{"line":184,"column":1}},"line":92},"4":{"name":"(anonymous_4)","decl":{"start":{"line":208,"column":63},"end":{"line":208,"column":64}},"loc":{"start":{"line":208,"column":69},"end":{"line":216,"column":3}},"line":208},"5":{"name":"(anonymous_5)","decl":{"start":{"line":222,"column":61},"end":{"line":222,"column":62}},"loc":{"start":{"line":222,"column":67},"end":{"line":230,"column":3}},"line":222},"6":{"name":"(anonymous_6)","decl":{"start":{"line":236,"column":62},"end":{"line":236,"column":63}},"loc":{"start":{"line":236,"column":68},"end":{"line":244,"column":3}},"line":236},"7":{"name":"(anonymous_7)","decl":{"start":{"line":251,"column":61},"end":{"line":251,"column":62}},"loc":{"start":{"line":251,"column":67},"end":{"line":259,"column":3}},"line":251},"8":{"name":"(anonymous_8)","decl":{"start":{"line":265,"column":62},"end":{"line":265,"column":63}},"loc":{"start":{"line":265,"column":68},"end":{"line":273,"column":3}},"line":265},"9":{"name":"sum","decl":{"start":{"line":276,"column":9},"end":{"line":276,"column":12}},"loc":{"start":{"line":276,"column":19},"end":{"line":278,"column":1}},"line":276}},"branchMap":{"0":{"loc":{"start":{"line":44,"column":2},"end":{"line":48,"column":3}},"type":"if","locations":[{"start":{"line":44,"column":2},"end":{"line":48,"column":3}},{"start":{"line":46,"column":7},"end":{"line":48,"column":3}}],"line":44},"1":{"loc":{"start":{"line":49,"column":2},"end":{"line":53,"column":3}},"type":"if","locations":[{"start":{"line":49,"column":2},"end":{"line":53,"column":3}},{"start":{"line":51,"column":7},"end":{"line":53,"column":3}}],"line":49},"2":{"loc":{"start":{"line":54,"column":2},"end":{"line":58,"column":3}},"type":"if","locations":[{"start":{"line":54,"column":2},"end":{"line":58,"column":3}},{"start":{"line":56,"column":7},"end":{"line":58,"column":3}}],"line":54},"3":{"loc":{"start":{"line":59,"column":2},"end":{"line":63,"column":3}},"type":"if","locations":[{"start":{"line":59,"column":2},"end":{"line":63,"column":3}},{"start":{"line":61,"column":7},"end":{"line":63,"column":3}}],"line":59},"4":{"loc":{"start":{"line":64,"column":2},"end":{"line":68,"column":3}},"type":"if","locations":[{"start":{"line":64,"column":2},"end":{"line":68,"column":3}},{"start":{"line":66,"column":7},"end":{"line":68,"column":3}}],"line":64},"5":{"loc":{"start":{"line":69,"column":2},"end":{"line":73,"column":3}},"type":"if","locations":[{"start":{"line":69,"column":2},"end":{"line":73,"column":3}},{"start":{"line":71,"column":7},"end":{"line":73,"column":3}}],"line":69},"6":{"loc":{"start":{"line":74,"column":2},"end":{"line":78,"column":3}},"type":"if","locations":[{"start":{"line":74,"column":2},"end":{"line":78,"column":3}},{"start":{"line":76,"column":7},"end":{"line":78,"column":3}}],"line":74},"7":{"loc":{"start":{"line":79,"column":2},"end":{"line":83,"column":3}},"type":"if","locations":[{"start":{"line":79,"column":2},"end":{"line":83,"column":3}},{"start":{"line":81,"column":7},"end":{"line":83,"column":3}}],"line":79},"8":{"loc":{"start":{"line":84,"column":2},"end":{"line":88,"column":3}},"type":"if","locations":[{"start":{"line":84,"column":2},"end":{"line":88,"column":3}},{"start":{"line":86,"column":7},"end":{"line":88,"column":3}}],"line":84},"9":{"loc":{"start":{"line":98,"column":2},"end":{"line":183,"column":3}},"type":"if","locations":[{"start":{"line":98,"column":2},"end":{"line":183,"column":3}},{"start":{"line":102,"column":9},"end":{"line":183,"column":3}}],"line":98},"10":{"loc":{"start":{"line":98,"column":6},"end":{"line":98,"column":74}},"type":"binary-expr","locations":[{"start":{"line":98,"column":7},"end":{"line":98,"column":36}},{"start":{"line":98,"column":42},"end":{"line":98,"column":73}}],"line":98},"11":{"loc":{"start":{"line":102,"column":9},"end":{"line":183,"column":3}},"type":"if","locations":[{"start":{"line":102,"column":9},"end":{"line":183,"column":3}},{"start":{"line":106,"column":9},"end":{"line":183,"column":3}}],"line":102},"12":{"loc":{"start":{"line":102,"column":13},"end":{"line":102,"column":81}},"type":"binary-expr","locations":[{"start":{"line":102,"column":14},"end":{"line":102,"column":42}},{"start":{"line":102,"column":48},"end":{"line":102,"column":80}}],"line":102},"13":{"loc":{"start":{"line":106,"column":9},"end":{"line":183,"column":3}},"type":"if","locations":[{"start":{"line":106,"column":9},"end":{"line":183,"column":3}},{"start":{"line":110,"column":9},"end":{"line":183,"column":3}}],"line":106},"14":{"loc":{"start":{"line":106,"column":13},"end":{"line":106,"column":83}},"type":"binary-expr","locations":[{"start":{"line":106,"column":14},"end":{"line":106,"column":43}},{"start":{"line":106,"column":49},"end":{"line":106,"column":82}}],"line":106},"15":{"loc":{"start":{"line":110,"column":9},"end":{"line":183,"column":3}},"type":"if","locations":[{"start":{"line":110,"column":9},"end":{"line":183,"column":3}},{"start":{"line":114,"column":9},"end":{"line":183,"column":3}}],"line":110},"16":{"loc":{"start":{"line":110,"column":13},"end":{"line":110,"column":83}},"type":"binary-expr","locations":[{"start":{"line":110,"column":14},"end":{"line":110,"column":43}},{"start":{"line":110,"column":49},"end":{"line":110,"column":82}}],"line":110},"17":{"loc":{"start":{"line":114,"column":9},"end":{"line":183,"column":3}},"type":"if","locations":[{"start":{"line":114,"column":9},"end":{"line":183,"column":3}},{"start":{"line":118,"column":9},"end":{"line":183,"column":3}}],"line":114},"18":{"loc":{"start":{"line":114,"column":13},"end":{"line":114,"column":82}},"type":"binary-expr","locations":[{"start":{"line":114,"column":14},"end":{"line":114,"column":44}},{"start":{"line":114,"column":50},"end":{"line":114,"column":81}}],"line":114},"19":{"loc":{"start":{"line":118,"column":9},"end":{"line":183,"column":3}},"type":"if","locations":[{"start":{"line":118,"column":9},"end":{"line":183,"column":3}},{"start":{"line":122,"column":9},"end":{"line":183,"column":3}}],"line":118},"20":{"loc":{"start":{"line":118,"column":13},"end":{"line":118,"column":81}},"type":"binary-expr","locations":[{"start":{"line":118,"column":14},"end":{"line":118,"column":42}},{"start":{"line":118,"column":48},"end":{"line":118,"column":80}}],"line":118},"21":{"loc":{"start":{"line":122,"column":9},"end":{"line":183,"column":3}},"type":"if","locations":[{"start":{"line":122,"column":9},"end":{"line":183,"column":3}},{"start":{"line":126,"column":9},"end":{"line":183,"column":3}}],"line":122},"22":{"loc":{"start":{"line":122,"column":13},"end":{"line":122,"column":82}},"type":"binary-expr","locations":[{"start":{"line":122,"column":14},"end":{"line":122,"column":44}},{"start":{"line":122,"column":50},"end":{"line":122,"column":81}}],"line":122},"23":{"loc":{"start":{"line":126,"column":9},"end":{"line":183,"column":3}},"type":"if","locations":[{"start":{"line":126,"column":9},"end":{"line":183,"column":3}},{"start":{"line":130,"column":9},"end":{"line":183,"column":3}}],"line":126},"24":{"loc":{"start":{"line":126,"column":13},"end":{"line":126,"column":80}},"type":"binary-expr","locations":[{"start":{"line":126,"column":14},"end":{"line":126,"column":42}},{"start":{"line":126,"column":48},"end":{"line":126,"column":79}}],"line":126},"25":{"loc":{"start":{"line":130,"column":9},"end":{"line":183,"column":3}},"type":"if","locations":[{"start":{"line":130,"column":9},"end":{"line":183,"column":3}},{"start":{"line":134,"column":9},"end":{"line":183,"column":3}}],"line":130},"26":{"loc":{"start":{"line":130,"column":13},"end":{"line":130,"column":81}},"type":"binary-expr","locations":[{"start":{"line":130,"column":14},"end":{"line":130,"column":42}},{"start":{"line":130,"column":48},"end":{"line":130,"column":80}}],"line":130},"27":{"loc":{"start":{"line":134,"column":9},"end":{"line":183,"column":3}},"type":"if","locations":[{"start":{"line":134,"column":9},"end":{"line":183,"column":3}},{"start":{"line":138,"column":9},"end":{"line":183,"column":3}}],"line":134},"28":{"loc":{"start":{"line":134,"column":13},"end":{"line":134,"column":82}},"type":"binary-expr","locations":[{"start":{"line":134,"column":14},"end":{"line":134,"column":43}},{"start":{"line":134,"column":49},"end":{"line":134,"column":81}}],"line":134},"29":{"loc":{"start":{"line":138,"column":9},"end":{"line":183,"column":3}},"type":"if","locations":[{"start":{"line":138,"column":9},"end":{"line":183,"column":3}},{"start":{"line":142,"column":9},"end":{"line":183,"column":3}}],"line":138},"30":{"loc":{"start":{"line":138,"column":13},"end":{"line":138,"column":81}},"type":"binary-expr","locations":[{"start":{"line":138,"column":14},"end":{"line":138,"column":42}},{"start":{"line":138,"column":48},"end":{"line":138,"column":80}}],"line":138},"31":{"loc":{"start":{"line":142,"column":9},"end":{"line":183,"column":3}},"type":"if","locations":[{"start":{"line":142,"column":9},"end":{"line":183,"column":3}},{"start":{"line":146,"column":9},"end":{"line":183,"column":3}}],"line":142},"32":{"loc":{"start":{"line":142,"column":13},"end":{"line":142,"column":81}},"type":"binary-expr","locations":[{"start":{"line":142,"column":14},"end":{"line":142,"column":43}},{"start":{"line":142,"column":49},"end":{"line":142,"column":80}}],"line":142},"33":{"loc":{"start":{"line":146,"column":9},"end":{"line":183,"column":3}},"type":"if","locations":[{"start":{"line":146,"column":9},"end":{"line":183,"column":3}},{"start":{"line":150,"column":9},"end":{"line":183,"column":3}}],"line":146},"34":{"loc":{"start":{"line":146,"column":13},"end":{"line":146,"column":83}},"type":"binary-expr","locations":[{"start":{"line":146,"column":14},"end":{"line":146,"column":44}},{"start":{"line":146,"column":50},"end":{"line":146,"column":82}}],"line":146},"35":{"loc":{"start":{"line":150,"column":9},"end":{"line":183,"column":3}},"type":"if","locations":[{"start":{"line":150,"column":9},"end":{"line":183,"column":3}},{"start":{"line":154,"column":9},"end":{"line":183,"column":3}}],"line":150},"36":{"loc":{"start":{"line":150,"column":13},"end":{"line":150,"column":83}},"type":"binary-expr","locations":[{"start":{"line":150,"column":14},"end":{"line":150,"column":44}},{"start":{"line":150,"column":50},"end":{"line":150,"column":82}}],"line":150},"37":{"loc":{"start":{"line":154,"column":9},"end":{"line":183,"column":3}},"type":"if","locations":[{"start":{"line":154,"column":9},"end":{"line":183,"column":3}},{"start":{"line":158,"column":9},"end":{"line":183,"column":3}}],"line":154},"38":{"loc":{"start":{"line":154,"column":13},"end":{"line":154,"column":82}},"type":"binary-expr","locations":[{"start":{"line":154,"column":14},"end":{"line":154,"column":42}},{"start":{"line":154,"column":48},"end":{"line":154,"column":81}}],"line":154},"39":{"loc":{"start":{"line":158,"column":9},"end":{"line":183,"column":3}},"type":"if","locations":[{"start":{"line":158,"column":9},"end":{"line":183,"column":3}},{"start":{"line":162,"column":9},"end":{"line":183,"column":3}}],"line":158},"40":{"loc":{"start":{"line":158,"column":13},"end":{"line":158,"column":81}},"type":"binary-expr","locations":[{"start":{"line":158,"column":14},"end":{"line":158,"column":43}},{"start":{"line":158,"column":49},"end":{"line":158,"column":80}}],"line":158},"41":{"loc":{"start":{"line":162,"column":9},"end":{"line":183,"column":3}},"type":"if","locations":[{"start":{"line":162,"column":9},"end":{"line":183,"column":3}},{"start":{"line":166,"column":9},"end":{"line":183,"column":3}}],"line":162},"42":{"loc":{"start":{"line":162,"column":13},"end":{"line":162,"column":82}},"type":"binary-expr","locations":[{"start":{"line":162,"column":14},"end":{"line":162,"column":42}},{"start":{"line":162,"column":48},"end":{"line":162,"column":81}}],"line":162},"43":{"loc":{"start":{"line":166,"column":9},"end":{"line":183,"column":3}},"type":"if","locations":[{"start":{"line":166,"column":9},"end":{"line":183,"column":3}},{"start":{"line":170,"column":9},"end":{"line":183,"column":3}}],"line":166},"44":{"loc":{"start":{"line":166,"column":13},"end":{"line":166,"column":80}},"type":"binary-expr","locations":[{"start":{"line":166,"column":14},"end":{"line":166,"column":42}},{"start":{"line":166,"column":48},"end":{"line":166,"column":79}}],"line":166},"45":{"loc":{"start":{"line":170,"column":9},"end":{"line":183,"column":3}},"type":"if","locations":[{"start":{"line":170,"column":9},"end":{"line":183,"column":3}},{"start":{"line":174,"column":9},"end":{"line":183,"column":3}}],"line":170},"46":{"loc":{"start":{"line":170,"column":13},"end":{"line":170,"column":81}},"type":"binary-expr","locations":[{"start":{"line":170,"column":14},"end":{"line":170,"column":43}},{"start":{"line":170,"column":49},"end":{"line":170,"column":80}}],"line":170},"47":{"loc":{"start":{"line":174,"column":9},"end":{"line":183,"column":3}},"type":"if","locations":[{"start":{"line":174,"column":9},"end":{"line":183,"column":3}},{"start":{"line":178,"column":9},"end":{"line":183,"column":3}}],"line":174},"48":{"loc":{"start":{"line":174,"column":13},"end":{"line":174,"column":82}},"type":"binary-expr","locations":[{"start":{"line":174,"column":14},"end":{"line":174,"column":43}},{"start":{"line":174,"column":49},"end":{"line":174,"column":81}}],"line":174},"49":{"loc":{"start":{"line":178,"column":9},"end":{"line":183,"column":3}},"type":"if","locations":[{"start":{"line":178,"column":9},"end":{"line":183,"column":3}},{"start":{"line":181,"column":9},"end":{"line":183,"column":3}}],"line":178},"50":{"loc":{"start":{"line":187,"column":0},"end":{"line":191,"column":1}},"type":"if","locations":[{"start":{"line":187,"column":0},"end":{"line":191,"column":1}},{"start":{"line":189,"column":7},"end":{"line":191,"column":1}}],"line":187},"51":{"loc":{"start":{"line":193,"column":0},"end":{"line":197,"column":1}},"type":"if","locations":[{"start":{"line":193,"column":0},"end":{"line":197,"column":1}},{"start":{"line":195,"column":7},"end":{"line":197,"column":1}}],"line":193},"52":{"loc":{"start":{"line":199,"column":0},"end":{"line":203,"column":1}},"type":"if","locations":[{"start":{"line":199,"column":0},"end":{"line":203,"column":1}},{"start":{"line":201,"column":7},"end":{"line":203,"column":1}}],"line":199},"53":{"loc":{"start":{"line":205,"column":0},"end":{"line":217,"column":1}},"type":"if","locations":[{"start":{"line":205,"column":0},"end":{"line":217,"column":1}},{"start":{"line":207,"column":7},"end":{"line":217,"column":1}}],"line":205},"54":{"loc":{"start":{"line":219,"column":0},"end":{"line":231,"column":1}},"type":"if","locations":[{"start":{"line":219,"column":0},"end":{"line":231,"column":1}},{"start":{"line":221,"column":7},"end":{"line":231,"column":1}}],"line":219},"55":{"loc":{"start":{"line":233,"column":0},"end":{"line":245,"column":1}},"type":"if","locations":[{"start":{"line":233,"column":0},"end":{"line":245,"column":1}},{"start":{"line":235,"column":7},"end":{"line":245,"column":1}}],"line":233},"56":{"loc":{"start":{"line":248,"column":0},"end":{"line":260,"column":1}},"type":"if","locations":[{"start":{"line":248,"column":0},"end":{"line":260,"column":1}},{"start":{"line":250,"column":7},"end":{"line":260,"column":1}}],"line":248},"57":{"loc":{"start":{"line":262,"column":0},"end":{"line":274,"column":1}},"type":"if","locations":[{"start":{"line":262,"column":0},"end":{"line":274,"column":1}},{"start":{"line":264,"column":7},"end":{"line":274,"column":1}}],"line":262}},"s":{"0":1,"1":1,"2":1,"3":1,"4":1,"5":1,"6":1,"7":1,"8":1,"9":1,"10":0,"11":0,"12":1,"13":0,"14":0,"15":0,"16":0,"17":0,"18":0,"19":0,"20":0,"21":1,"22":0,"23":0,"24":0,"25":0,"26":0,"27":0,"28":0,"29":0,"30":0,"31":0,"32":0,"33":0,"34":0,"35":0,"36":0,"37":0,"38":0,"39":0,"40":0,"41":0,"42":0,"43":0,"44":0,"45":0,"46":0,"47":0,"48":0,"49":0,"50":0,"51":0,"52":1,"53":0,"54":0,"55":0,"56":0,"57":0,"58":0,"59":0,"60":0,"61":0,"62":0,"63":0,"64":0,"65":0,"66":0,"67":0,"68":0,"69":0,"70":0,"71":0,"72":0,"73":0,"74":0,"75":0,"76":0,"77":0,"78":0,"79":0,"80":0,"81":0,"82":0,"83":0,"84":0,"85":0,"86":0,"87":0,"88":0,"89":0,"90":0,"91":0,"92":0,"93":0,"94":0,"95":0,"96":0,"97":0,"98":0,"99":0,"100":0,"101":0,"102":0,"103":0,"104":0,"105":0,"106":0,"107":0,"108":0,"109":0,"110":0,"111":0,"112":0,"113":0,"114":0,"115":0,"116":0,"117":0,"118":0,"119":0,"120":0,"121":0,"122":0,"123":0,"124":0,"125":0,"126":0,"127":0,"128":0,"129":0,"130":0,"131":0,"132":0,"133":0,"134":0,"135":0,"136":0,"137":0,"138":0,"139":0,"140":0,"141":0,"142":1,"143":1,"144":0,"145":1,"146":1,"147":0,"148":1,"149":1,"150":0,"151":1,"152":1,"153":0,"154":0,"155":0,"156":0,"157":0,"158":0,"159":0,"160":1,"161":1,"162":0,"163":0,"164":0,"165":0,"166":0,"167":0,"168":0,"169":1,"170":1,"171":0,"172":0,"173":0,"174":0,"175":0,"176":0,"177":0,"178":1,"179":1,"180":0,"181":0,"182":0,"183":0,"184":0,"185":0,"186":0,"187":1,"188":1,"189":0,"190":0,"191":0,"192":0,"193":0,"194":0,"195":0,"196":1,"197":1},"f":{"0":0,"1":0,"2":0,"3":0,"4":0,"5":0,"6":0,"7":0,"8":0,"9":1},"b":{"0":[0,0],"1":[0,0],"2":[0,0],"3":[0,0],"4":[0,0],"5":[0,0],"6":[0,0],"7":[0,0],"8":[0,0],"9":[0,0],"10":[0,0],"11":[0,0],"12":[0,0],"13":[0,0],"14":[0,0],"15":[0,0],"16":[0,0],"17":[0,0],"18":[0,0],"19":[0,0],"20":[0,0],"21":[0,0],"22":[0,0],"23":[0,0],"24":[0,0],"25":[0,0],"26":[0,0],"27":[0,0],"28":[0,0],"29":[0,0],"30":[0,0],"31":[0,0],"32":[0,0],"33":[0,0],"34":[0,0],"35":[0,0],"36":[0,0],"37":[0,0],"38":[0,0],"39":[0,0],"40":[0,0],"41":[0,0],"42":[0,0],"43":[0,0],"44":[0,0],"45":[0,0],"46":[0,0],"47":[0,0],"48":[0,0],"49":[0,0],"50":[1,0],"51":[1,0],"52":[1,0],"53":[1,0],"54":[1,0],"55":[1,0],"56":[1,0],"57":[1,0]},"_coverageSchema":"1a1c01bbd47fc00a2c39e90264f33305004495a9","hash":"976cafdef21dcf49e090972ee1b2841c816171a1"}
}
