TN:
SF:Juego2\Script.js
FN:2,(anonymous_0)
FN:26,generarMazo
FN:112,cogerCarta
FN:259,ace
FN:295,plantarse
FN:336,victoriaDerrota
FNF:6
FNH:3
FNDA:104,(anonymous_0)
FNDA:2,generarMazo
FNDA:4,cogerCarta
FNDA:0,ace
FNDA:0,plantarse
FNDA:0,victoriaDerrota
DA:3,104
DA:4,104
DA:5,104
DA:6,104
DA:7,104
DA:12,1
DA:13,1
DA:14,1
DA:15,1
DA:16,1
DA:17,1
DA:18,1
DA:19,1
DA:20,1
DA:21,1
DA:27,2
DA:28,8
DA:29,104
DA:30,8
DA:40,104
DA:41,8
DA:51,104
DA:52,8
DA:62,104
DA:63,8
DA:73,104
DA:74,8
DA:84,104
DA:85,64
DA:97,2
DA:98,2
DA:102,1
DA:105,1
DA:106,4
DA:113,4
DA:115,4
DA:116,2
DA:118,4
DA:120,4
DA:121,2
DA:124,2
DA:127,4
DA:131,0
DA:132,0
DA:135,0
DA:137,0
DA:138,0
DA:141,0
DA:147,4
DA:152,0
DA:155,4
DA:156,4
DA:161,4
DA:162,2
DA:163,2
DA:164,2
DA:165,2
DA:166,2
DA:171,4
DA:172,3
DA:173,2
DA:174,2
DA:177,0
DA:182,3
DA:183,1
DA:184,1
DA:186,0
DA:195,4
DA:196,0
DA:203,0
DA:207,0
DA:208,0
DA:212,0
DA:214,0
DA:215,0
DA:219,0
DA:224,4
DA:225,0
DA:232,0
DA:233,0
DA:237,0
DA:239,0
DA:240,0
DA:244,0
DA:248,4
DA:250,4
DA:251,0
DA:254,4
DA:260,0
DA:261,0
DA:262,0
DA:263,0
DA:265,0
DA:266,0
DA:270,0
DA:272,0
DA:273,0
DA:277,0
DA:282,0
DA:283,0
DA:284,0
DA:285,0
DA:287,0
DA:288,0
DA:296,0
DA:297,0
DA:298,0
DA:302,0
DA:304,0
DA:305,0
DA:309,0
DA:314,0
DA:315,0
DA:317,0
DA:319,0
DA:323,0
DA:325,0
DA:328,0
DA:337,0
DA:338,0
DA:339,0
DA:340,0
DA:341,0
DA:343,0
DA:349,0
DA:351,0
DA:353,0
DA:354,0
DA:355,0
DA:356,0
DA:358,0
DA:364,0
DA:366,0
DA:369,0
DA:370,0
DA:371,0
DA:372,0
DA:375,0
DA:381,0
DA:383,0
DA:385,0
DA:386,0
DA:387,0
DA:391,1
DA:392,1
LF:145
LH:65
BRDA:29,0,0,8
BRDA:29,0,1,96
BRDA:40,1,0,8
BRDA:40,1,1,96
BRDA:51,2,0,8
BRDA:51,2,1,96
BRDA:62,3,0,8
BRDA:62,3,1,96
BRDA:73,4,0,8
BRDA:73,4,1,96
BRDA:84,5,0,64
BRDA:84,5,1,40
BRDA:120,6,0,2
BRDA:120,6,1,2
BRDA:120,7,0,4
BRDA:120,7,1,2
BRDA:127,8,0,0
BRDA:127,8,1,4
BRDA:128,9,0,4
BRDA:128,9,1,4
BRDA:128,9,2,4
BRDA:128,9,3,4
BRDA:128,9,4,0
BRDA:131,10,0,0
BRDA:131,10,1,0
BRDA:137,11,0,0
BRDA:137,11,1,0
BRDA:147,12,0,0
BRDA:147,12,1,4
BRDA:148,13,0,4
BRDA:148,13,1,4
BRDA:148,13,2,4
BRDA:148,13,3,4
BRDA:148,13,4,0
BRDA:148,13,5,0
BRDA:161,14,0,2
BRDA:161,14,1,2
BRDA:164,15,0,2
BRDA:164,15,1,0
BRDA:171,16,0,3
BRDA:171,16,1,1
BRDA:172,17,0,2
BRDA:172,17,1,1
BRDA:173,18,0,2
BRDA:173,18,1,0
BRDA:182,19,0,1
BRDA:182,19,1,2
BRDA:183,20,0,1
BRDA:183,20,1,0
BRDA:195,21,0,0
BRDA:195,21,1,4
BRDA:207,22,0,0
BRDA:207,22,1,0
BRDA:214,23,0,0
BRDA:214,23,1,0
BRDA:224,24,0,0
BRDA:224,24,1,4
BRDA:232,25,0,0
BRDA:232,25,1,0
BRDA:239,26,0,0
BRDA:239,26,1,0
BRDA:250,27,0,0
BRDA:250,27,1,4
BRDA:250,28,0,4
BRDA:250,28,1,0
BRDA:265,29,0,0
BRDA:265,29,1,0
BRDA:272,30,0,0
BRDA:272,30,1,0
BRDA:282,31,0,0
BRDA:282,31,1,0
BRDA:284,32,0,0
BRDA:284,32,1,0
BRDA:287,33,0,0
BRDA:287,33,1,0
BRDA:297,34,0,0
BRDA:297,34,1,0
BRDA:304,35,0,0
BRDA:304,35,1,0
BRDA:314,36,0,0
BRDA:314,36,1,0
BRDA:319,37,0,0
BRDA:319,37,1,0
BRDA:320,38,0,0
BRDA:320,38,1,0
BRDA:320,38,2,0
BRDA:328,39,0,0
BRDA:328,39,1,0
BRDA:328,40,0,0
BRDA:328,40,1,0
BRDA:338,41,0,0
BRDA:338,41,1,0
BRDA:340,42,0,0
BRDA:340,42,1,0
BRDA:353,43,0,0
BRDA:353,43,1,0
BRDA:355,44,0,0
BRDA:355,44,1,0
BRDA:369,45,0,0
BRDA:369,45,1,0
BRDA:371,46,0,0
BRDA:371,46,1,0
BRF:102
BRH:41
end_of_record
TN:
SF:juego1\juego1.js
FN:23,(anonymous_0)
FN:28,(anonymous_1)
FN:39,(anonymous_2)
FN:91,(anonymous_3)
FN:206,(anonymous_4)
FN:220,(anonymous_5)
FN:234,(anonymous_6)
FN:249,(anonymous_7)
FN:263,(anonymous_8)
FN:274,sum
FNF:10
FNH:3
FNDA:5,(anonymous_0)
FNDA:0,(anonymous_1)
FNDA:1,(anonymous_2)
FNDA:0,(anonymous_3)
FNDA:0,(anonymous_4)
FNDA:0,(anonymous_5)
FNDA:0,(anonymous_6)
FNDA:0,(anonymous_7)
FNDA:0,(anonymous_8)
FNDA:1,sum
DA:2,1
DA:3,1
DA:4,1
DA:5,1
DA:8,1
DA:11,1
DA:14,1
DA:17,1
DA:20,1
DA:23,1
DA:24,5
DA:25,5
DA:28,1
DA:29,0
DA:30,0
DA:31,0
DA:32,0
DA:33,0
DA:34,0
DA:35,0
DA:36,0
DA:39,1
DA:40,1
DA:41,1
DA:42,1
DA:43,1
DA:44,1
DA:46,0
DA:48,1
DA:49,1
DA:51,0
DA:53,1
DA:54,1
DA:56,0
DA:58,1
DA:59,1
DA:61,0
DA:63,1
DA:64,1
DA:66,0
DA:68,1
DA:69,1
DA:71,0
DA:73,1
DA:74,1
DA:76,0
DA:78,1
DA:79,1
DA:81,0
DA:83,1
DA:84,1
DA:86,0
DA:91,1
DA:92,0
DA:93,0
DA:94,0
DA:95,0
DA:96,0
DA:97,0
DA:98,0
DA:99,0
DA:100,0
DA:101,0
DA:102,0
DA:103,0
DA:104,0
DA:105,0
DA:106,0
DA:107,0
DA:108,0
DA:109,0
DA:110,0
DA:111,0
DA:112,0
DA:113,0
DA:114,0
DA:115,0
DA:116,0
DA:117,0
DA:118,0
DA:119,0
DA:120,0
DA:121,0
DA:122,0
DA:123,0
DA:124,0
DA:125,0
DA:126,0
DA:127,0
DA:128,0
DA:129,0
DA:130,0
DA:131,0
DA:132,0
DA:133,0
DA:134,0
DA:135,0
DA:136,0
DA:137,0
DA:138,0
DA:139,0
DA:140,0
DA:141,0
DA:142,0
DA:143,0
DA:144,0
DA:145,0
DA:146,0
DA:147,0
DA:148,0
DA:149,0
DA:150,0
DA:151,0
DA:152,0
DA:153,0
DA:154,0
DA:155,0
DA:156,0
DA:157,0
DA:158,0
DA:159,0
DA:160,0
DA:161,0
DA:162,0
DA:163,0
DA:164,0
DA:165,0
DA:166,0
DA:167,0
DA:168,0
DA:169,0
DA:170,0
DA:171,0
DA:172,0
DA:173,0
DA:174,0
DA:175,0
DA:176,0
DA:177,0
DA:178,0
DA:179,0
DA:181,0
DA:185,1
DA:186,1
DA:188,0
DA:191,1
DA:192,1
DA:194,0
DA:197,1
DA:198,1
DA:200,0
DA:203,1
DA:204,1
DA:206,0
DA:208,0
DA:209,0
DA:210,0
DA:211,0
DA:212,0
DA:213,0
DA:217,1
DA:218,1
DA:220,0
DA:222,0
DA:223,0
DA:224,0
DA:225,0
DA:226,0
DA:227,0
DA:231,1
DA:232,1
DA:234,0
DA:236,0
DA:237,0
DA:238,0
DA:239,0
DA:240,0
DA:241,0
DA:246,1
DA:247,1
DA:249,0
DA:251,0
DA:252,0
DA:253,0
DA:254,0
DA:255,0
DA:256,0
DA:260,1
DA:261,1
DA:263,0
DA:265,0
DA:266,0
DA:267,0
DA:268,0
DA:269,0
DA:270,0
DA:275,1
DA:278,1
LF:198
LH:54
BRDA:43,0,0,1
BRDA:43,0,1,0
BRDA:48,1,0,1
BRDA:48,1,1,0
BRDA:53,2,0,1
BRDA:53,2,1,0
BRDA:58,3,0,1
BRDA:58,3,1,0
BRDA:63,4,0,1
BRDA:63,4,1,0
BRDA:68,5,0,1
BRDA:68,5,1,0
BRDA:73,6,0,1
BRDA:73,6,1,0
BRDA:78,7,0,1
BRDA:78,7,1,0
BRDA:83,8,0,1
BRDA:83,8,1,0
BRDA:97,9,0,0
BRDA:97,9,1,0
BRDA:97,10,0,0
BRDA:97,10,1,0
BRDA:101,11,0,0
BRDA:101,11,1,0
BRDA:101,12,0,0
BRDA:101,12,1,0
BRDA:105,13,0,0
BRDA:105,13,1,0
BRDA:105,14,0,0
BRDA:105,14,1,0
BRDA:109,15,0,0
BRDA:109,15,1,0
BRDA:109,16,0,0
BRDA:109,16,1,0
BRDA:113,17,0,0
BRDA:113,17,1,0
BRDA:113,18,0,0
BRDA:113,18,1,0
BRDA:117,19,0,0
BRDA:117,19,1,0
BRDA:117,20,0,0
BRDA:117,20,1,0
BRDA:121,21,0,0
BRDA:121,21,1,0
BRDA:121,22,0,0
BRDA:121,22,1,0
BRDA:125,23,0,0
BRDA:125,23,1,0
BRDA:125,24,0,0
BRDA:125,24,1,0
BRDA:129,25,0,0
BRDA:129,25,1,0
BRDA:129,26,0,0
BRDA:129,26,1,0
BRDA:133,27,0,0
BRDA:133,27,1,0
BRDA:133,28,0,0
BRDA:133,28,1,0
BRDA:137,29,0,0
BRDA:137,29,1,0
BRDA:137,30,0,0
BRDA:137,30,1,0
BRDA:141,31,0,0
BRDA:141,31,1,0
BRDA:141,32,0,0
BRDA:141,32,1,0
BRDA:145,33,0,0
BRDA:145,33,1,0
BRDA:145,34,0,0
BRDA:145,34,1,0
BRDA:149,35,0,0
BRDA:149,35,1,0
BRDA:149,36,0,0
BRDA:149,36,1,0
BRDA:153,37,0,0
BRDA:153,37,1,0
BRDA:153,38,0,0
BRDA:153,38,1,0
BRDA:157,39,0,0
BRDA:157,39,1,0
BRDA:157,40,0,0
BRDA:157,40,1,0
BRDA:161,41,0,0
BRDA:161,41,1,0
BRDA:161,42,0,0
BRDA:161,42,1,0
BRDA:165,43,0,0
BRDA:165,43,1,0
BRDA:165,44,0,0
BRDA:165,44,1,0
BRDA:169,45,0,0
BRDA:169,45,1,0
BRDA:169,46,0,0
BRDA:169,46,1,0
BRDA:173,47,0,0
BRDA:173,47,1,0
BRDA:173,48,0,0
BRDA:173,48,1,0
BRDA:177,49,0,0
BRDA:177,49,1,0
BRDA:185,50,0,1
BRDA:185,50,1,0
BRDA:191,51,0,1
BRDA:191,51,1,0
BRDA:197,52,0,1
BRDA:197,52,1,0
BRDA:203,53,0,1
BRDA:203,53,1,0
BRDA:217,54,0,1
BRDA:217,54,1,0
BRDA:231,55,0,1
BRDA:231,55,1,0
BRDA:246,56,0,1
BRDA:246,56,1,0
BRDA:260,57,0,1
BRDA:260,57,1,0
BRF:116
BRH:17
end_of_record
