TN:
SF:juego1\juego1.js
FN:23,(anonymous_0)
FN:28,(anonymous_1)
FN:39,(anonymous_2)
FN:91,(anonymous_3)
FN:206,(anonymous_4)
FN:220,(anonymous_5)
FN:234,(anonymous_6)
FN:249,(anonymous_7)
FN:263,(anonymous_8)
FN:274,sum
FNF:10
FNH:3
FNDA:5,(anonymous_0)
FNDA:0,(anonymous_1)
FNDA:1,(anonymous_2)
FNDA:0,(anonymous_3)
FNDA:0,(anonymous_4)
FNDA:0,(anonymous_5)
FNDA:0,(anonymous_6)
FNDA:0,(anonymous_7)
FNDA:0,(anonymous_8)
FNDA:1,sum
DA:2,1
DA:3,1
DA:4,1
DA:5,1
DA:8,1
DA:11,1
DA:14,1
DA:17,1
DA:20,1
DA:23,1
DA:24,5
DA:25,5
DA:28,1
DA:29,0
DA:30,0
DA:31,0
DA:32,0
DA:33,0
DA:34,0
DA:35,0
DA:36,0
DA:39,1
DA:40,1
DA:41,1
DA:42,1
DA:43,1
DA:44,1
DA:46,0
DA:48,1
DA:49,1
DA:51,0
DA:53,1
DA:54,1
DA:56,0
DA:58,1
DA:59,1
DA:61,0
DA:63,1
DA:64,1
DA:66,0
DA:68,1
DA:69,1
DA:71,0
DA:73,1
DA:74,1
DA:76,0
DA:78,1
DA:79,1
DA:81,0
DA:83,1
DA:84,1
DA:86,0
DA:91,1
DA:92,0
DA:93,0
DA:94,0
DA:95,0
DA:96,0
DA:97,0
DA:98,0
DA:99,0
DA:100,0
DA:101,0
DA:102,0
DA:103,0
DA:104,0
DA:105,0
DA:106,0
DA:107,0
DA:108,0
DA:109,0
DA:110,0
DA:111,0
DA:112,0
DA:113,0
DA:114,0
DA:115,0
DA:116,0
DA:117,0
DA:118,0
DA:119,0
DA:120,0
DA:121,0
DA:122,0
DA:123,0
DA:124,0
DA:125,0
DA:126,0
DA:127,0
DA:128,0
DA:129,0
DA:130,0
DA:131,0
DA:132,0
DA:133,0
DA:134,0
DA:135,0
DA:136,0
DA:137,0
DA:138,0
DA:139,0
DA:140,0
DA:141,0
DA:142,0
DA:143,0
DA:144,0
DA:145,0
DA:146,0
DA:147,0
DA:148,0
DA:149,0
DA:150,0
DA:151,0
DA:152,0
DA:153,0
DA:154,0
DA:155,0
DA:156,0
DA:157,0
DA:158,0
DA:159,0
DA:160,0
DA:161,0
DA:162,0
DA:163,0
DA:164,0
DA:165,0
DA:166,0
DA:167,0
DA:168,0
DA:169,0
DA:170,0
DA:171,0
DA:172,0
DA:173,0
DA:174,0
DA:175,0
DA:176,0
DA:177,0
DA:178,0
DA:179,0
DA:181,0
DA:185,1
DA:186,1
DA:188,0
DA:191,1
DA:192,1
DA:194,0
DA:197,1
DA:198,1
DA:200,0
DA:203,1
DA:204,1
DA:206,0
DA:208,0
DA:209,0
DA:210,0
DA:211,0
DA:212,0
DA:213,0
DA:217,1
DA:218,1
DA:220,0
DA:222,0
DA:223,0
DA:224,0
DA:225,0
DA:226,0
DA:227,0
DA:231,1
DA:232,1
DA:234,0
DA:236,0
DA:237,0
DA:238,0
DA:239,0
DA:240,0
DA:241,0
DA:246,1
DA:247,1
DA:249,0
DA:251,0
DA:252,0
DA:253,0
DA:254,0
DA:255,0
DA:256,0
DA:260,1
DA:261,1
DA:263,0
DA:265,0
DA:266,0
DA:267,0
DA:268,0
DA:269,0
DA:270,0
DA:275,1
DA:278,1
LF:198
LH:54
BRDA:43,0,0,1
BRDA:43,0,1,0
BRDA:48,1,0,1
BRDA:48,1,1,0
BRDA:53,2,0,1
BRDA:53,2,1,0
BRDA:58,3,0,1
BRDA:58,3,1,0
BRDA:63,4,0,1
BRDA:63,4,1,0
BRDA:68,5,0,1
BRDA:68,5,1,0
BRDA:73,6,0,1
BRDA:73,6,1,0
BRDA:78,7,0,1
BRDA:78,7,1,0
BRDA:83,8,0,1
BRDA:83,8,1,0
BRDA:97,9,0,0
BRDA:97,9,1,0
BRDA:97,10,0,0
BRDA:97,10,1,0
BRDA:101,11,0,0
BRDA:101,11,1,0
BRDA:101,12,0,0
BRDA:101,12,1,0
BRDA:105,13,0,0
BRDA:105,13,1,0
BRDA:105,14,0,0
BRDA:105,14,1,0
BRDA:109,15,0,0
BRDA:109,15,1,0
BRDA:109,16,0,0
BRDA:109,16,1,0
BRDA:113,17,0,0
BRDA:113,17,1,0
BRDA:113,18,0,0
BRDA:113,18,1,0
BRDA:117,19,0,0
BRDA:117,19,1,0
BRDA:117,20,0,0
BRDA:117,20,1,0
BRDA:121,21,0,0
BRDA:121,21,1,0
BRDA:121,22,0,0
BRDA:121,22,1,0
BRDA:125,23,0,0
BRDA:125,23,1,0
BRDA:125,24,0,0
BRDA:125,24,1,0
BRDA:129,25,0,0
BRDA:129,25,1,0
BRDA:129,26,0,0
BRDA:129,26,1,0
BRDA:133,27,0,0
BRDA:133,27,1,0
BRDA:133,28,0,0
BRDA:133,28,1,0
BRDA:137,29,0,0
BRDA:137,29,1,0
BRDA:137,30,0,0
BRDA:137,30,1,0
BRDA:141,31,0,0
BRDA:141,31,1,0
BRDA:141,32,0,0
BRDA:141,32,1,0
BRDA:145,33,0,0
BRDA:145,33,1,0
BRDA:145,34,0,0
BRDA:145,34,1,0
BRDA:149,35,0,0
BRDA:149,35,1,0
BRDA:149,36,0,0
BRDA:149,36,1,0
BRDA:153,37,0,0
BRDA:153,37,1,0
BRDA:153,38,0,0
BRDA:153,38,1,0
BRDA:157,39,0,0
BRDA:157,39,1,0
BRDA:157,40,0,0
BRDA:157,40,1,0
BRDA:161,41,0,0
BRDA:161,41,1,0
BRDA:161,42,0,0
BRDA:161,42,1,0
BRDA:165,43,0,0
BRDA:165,43,1,0
BRDA:165,44,0,0
BRDA:165,44,1,0
BRDA:169,45,0,0
BRDA:169,45,1,0
BRDA:169,46,0,0
BRDA:169,46,1,0
BRDA:173,47,0,0
BRDA:173,47,1,0
BRDA:173,48,0,0
BRDA:173,48,1,0
BRDA:177,49,0,0
BRDA:177,49,1,0
BRDA:185,50,0,1
BRDA:185,50,1,0
BRDA:191,51,0,1
BRDA:191,51,1,0
BRDA:197,52,0,1
BRDA:197,52,1,0
BRDA:203,53,0,1
BRDA:203,53,1,0
BRDA:217,54,0,1
BRDA:217,54,1,0
BRDA:231,55,0,1
BRDA:231,55,1,0
BRDA:246,56,0,1
BRDA:246,56,1,0
BRDA:260,57,0,1
BRDA:260,57,1,0
BRF:116
BRH:17
end_of_record
